#
# A fatal error has been detected by the Java Runtime Environment:
#
#  EXCEPTION_ACCESS_VIOLATION (0xc0000005) at pc=0x00007fffde118af0, pid=10808, tid=19572
#
# JRE version: OpenJDK Runtime Environment (11.0.2+9) (build 11.0.2+9)
# Java VM: OpenJDK 64-Bit Server VM (11.0.2+9, mixed mode, tiered, compressed oops, g1 gc, windows-amd64)
# Problematic frame:
# C  [librdi_constraints.dll+0x838af0]
#
# No core dump will be written. Minidumps are not enabled by default on client versions of Windows
#
# If you would like to submit a bug report, please visit:
#   http://bugreport.java.com/bugreport/crash.jsp
# The crash happened outside the Java Virtual Machine in native code.
# See problematic frame for where to report the bug.
#

---------------  S U M M A R Y ------------

Command Line: -Dsun.java2d.pmoffscreen=false -Dhttps.protocols=TLSv1,TLSv1.1,TLSv1.2 -Dsun.java2d.xrender=false -Dsun.java2d.d3d=false -Dsun.awt.nopixfmt=true -Dsun.java2d.dpiaware=true -Dsun.java2d.uiScale.enabled=false -Xverify:none -Dswing.aatext=true -XX:-UsePerfData -Djdk.map.althashing.threshold=512 -XX:StringTableSize=4072 --add-opens=java.base/java.nio=ALL-UNNAMED --add-opens=java.desktop/sun.swing=ALL-UNNAMED --add-opens=java.desktop/javax.swing=ALL-UNNAMED --add-opens=java.desktop/javax.swing.tree=ALL-UNNAMED --add-opens=java.desktop/javax.swing.plaf.basic=ALL-UNNAMED --add-opens=java.desktop/javax.swing.plaf.synth=ALL-UNNAMED --add-opens=java.desktop/com.sun.awt=ALL-UNNAMED -XX:NewSize=60m -XX:MaxNewSize=60m -Xms128m -Xmx3072m -Xss5m 

Host: Intel(R) Core(TM) i5-8250U CPU @ 1.60GHz, 8 cores, 19G,  Windows 10 , 64 bit Build 18362 (10.0.18362.1500)
Time: Mon Apr 19 20:23:51 2021 Est (heure d?été) elapsed time: 5054 seconds (0d 1h 24m 14s)

---------------  T H R E A D  ---------------

Current thread (0x00000279ff46d800):  JavaThread "AWT-EventQueue-0" [_thread_in_native, id=19572, stack(0x00000099a3000000,0x00000099a3500000)]

Stack: [0x00000099a3000000,0x00000099a3500000],  sp=0x00000099a34faab8,  free space=5098k
Native frames: (J=compiled Java code, j=interpreted, Vv=VM code, C=native code)
C  [librdi_constraints.dll+0x838af0]

Java frames: (J=compiled Java code, j=interpreted, Vv=VM code)
j  ui.project.projecti.Design_warnForSynthRunGoingStale(J)Z+0
j  ui.project.a.hKt()Z+4
j  ui.dlg.i.a.f.m(Lui/views/cO;)V+17
j  ui.data.design.l.a(Lui/project/a;Lui/views/cO;Ljava/lang/Runnable;)Z+59
j  ui.data.design.l.a(Ljava/util/Collection;Lui/views/Q/u;)Z+85
j  ui.views.Q.Y.b(Lui/views/Q/am;Ljava/util/Collection;)Z+61
j  ui.views.Q.Y.a(Lui/views/Q/am;Ljava/util/Collection;)V+3
j  ui.views.Q.Y.a(Ljava/lang/String;ZLjava/lang/Runnable;Ljava/lang/Runnable;)Z+257
j  ui.views.Q.Y.a(Ljava/lang/String;Ljava/lang/Runnable;Ljava/lang/Runnable;)Z+5
j  ui.views.Q.Y.c(Ljava/lang/String;Ljava/lang/Runnable;)Z+4
j  ui.views.c.cA.run()V+62
j  ui.frmwork.cmd.a.hsT()Z+66
j  ui.views.Q.b.k.I(Lui/views/Q/u;)V+41
j  ui.views.Q.b.x.mouseReleased(Ljava/awt/event/MouseEvent;)V+92
J 24679 c1 java.awt.AWTEventMulticaster.mouseReleased(Ljava/awt/event/MouseEvent;)V java.desktop@11.0.2 (27 bytes) @ 0x00000279de78aa04 [0x00000279de78a600+0x0000000000000404]
J 24679 c1 java.awt.AWTEventMulticaster.mouseReleased(Ljava/awt/event/MouseEvent;)V java.desktop@11.0.2 (27 bytes) @ 0x00000279de78a82c [0x00000279de78a600+0x000000000000022c]
J 24679 c1 java.awt.AWTEventMulticaster.mouseReleased(Ljava/awt/event/MouseEvent;)V java.desktop@11.0.2 (27 bytes) @ 0x00000279de78a82c [0x00000279de78a600+0x000000000000022c]
J 24679 c1 java.awt.AWTEventMulticaster.mouseReleased(Ljava/awt/event/MouseEvent;)V java.desktop@11.0.2 (27 bytes) @ 0x00000279de78a82c [0x00000279de78a600+0x000000000000022c]
J 16690 c1 java.awt.Component.processMouseEvent(Ljava/awt/event/MouseEvent;)V java.desktop@11.0.2 (100 bytes) @ 0x00000279dec24b3c [0x00000279dec246c0+0x000000000000047c]
J 16689 c1 javax.swing.JComponent.processMouseEvent(Ljava/awt/event/MouseEvent;)V java.desktop@11.0.2 (27 bytes) @ 0x00000279dec121f4 [0x00000279dec11fe0+0x0000000000000214]
J 17730 c1 java.awt.Component.processEvent(Ljava/awt/AWTEvent;)V java.desktop@11.0.2 (220 bytes) @ 0x00000279df4bccd4 [0x00000279df4bc680+0x0000000000000654]
J 25373 c1 ui.utils.swing.x.B.processEvent(Ljava/awt/AWTEvent;)V (76 bytes) @ 0x00000279df48179c [0x00000279df47fd60+0x0000000000001a3c]
J 27308 c2 java.awt.Component.dispatchEventImpl(Ljava/awt/AWTEvent;)V java.desktop@11.0.2 (777 bytes) @ 0x00000279e7475764 [0x00000279e7474ce0+0x0000000000000a84]
J 20466 c2 java.awt.Container.dispatchEventImpl(Ljava/awt/AWTEvent;)V java.desktop@11.0.2 (129 bytes) @ 0x00000279e63c2b60 [0x00000279e63c2b00+0x0000000000000060]
J 15586 c2 java.awt.LightweightDispatcher.retargetMouseEvent(Ljava/awt/Component;ILjava/awt/event/MouseEvent;)V java.desktop@11.0.2 (372 bytes) @ 0x00000279e691f1e0 [0x00000279e691e980+0x0000000000000860]
J 20466 c2 java.awt.Container.dispatchEventImpl(Ljava/awt/AWTEvent;)V java.desktop@11.0.2 (129 bytes) @ 0x00000279e63c37e4 [0x00000279e63c2b00+0x0000000000000ce4]
J 21308 c2 java.awt.Window.dispatchEventImpl(Ljava/awt/AWTEvent;)V java.desktop@11.0.2 (23 bytes) @ 0x00000279e6e2bf8c [0x00000279e6e2bf40+0x000000000000004c]
J 14404 c2 java.awt.EventQueue$4.run()Ljava/lang/Object; java.desktop@11.0.2 (5 bytes) @ 0x00000279e676f0a8 [0x00000279e676ef60+0x0000000000000148]
v  ~StubRoutines::call_stub
J 3692  java.security.AccessController.doPrivileged(Ljava/security/PrivilegedAction;Ljava/security/AccessControlContext;)Ljava/lang/Object; java.base@11.0.2 (0 bytes) @ 0x00000279e5dcbfb6 [0x00000279e5dcbf40+0x0000000000000076]
J 20439 c2 java.awt.EventQueue$5.run()Ljava/lang/Object; java.desktop@11.0.2 (5 bytes) @ 0x00000279e6214df4 [0x00000279e6214b80+0x0000000000000274]
v  ~StubRoutines::call_stub
J 3692  java.security.AccessController.doPrivileged(Ljava/security/PrivilegedAction;Ljava/security/AccessControlContext;)Ljava/lang/Object; java.base@11.0.2 (0 bytes) @ 0x00000279e5dcbfb6 [0x00000279e5dcbf40+0x0000000000000076]
J 14401 c2 java.awt.EventQueue.dispatchEvent(Ljava/awt/AWTEvent;)V java.desktop@11.0.2 (80 bytes) @ 0x00000279e676dd68 [0x00000279e676d9c0+0x00000000000003a8]
J 14580 c2 ui.frmwork.a.d.dispatchEvent(Ljava/awt/AWTEvent;)V (42 bytes) @ 0x00000279e67bb454 [0x00000279e67bb360+0x00000000000000f4]
J 16066 c2 java.awt.EventDispatchThread.pumpOneEventForFilters(I)V java.desktop@11.0.2 (113 bytes) @ 0x00000279e69e75e8 [0x00000279e69e7160+0x0000000000000488]
J 24809% c2 java.awt.EventDispatchThread.pumpEventsForFilter(ILjava/awt/Conditional;Ljava/awt/EventFilter;)V java.desktop@11.0.2 (47 bytes) @ 0x00000279e5c585fc [0x00000279e5c584e0+0x000000000000011c]
j  java.awt.EventDispatchThread.pumpEventsForHierarchy(ILjava/awt/Conditional;Ljava/awt/Component;)V+11 java.desktop@11.0.2
j  java.awt.EventDispatchThread.pumpEvents(ILjava/awt/Conditional;)V+4 java.desktop@11.0.2
j  java.awt.EventDispatchThread.pumpEvents(Ljava/awt/Conditional;)V+3 java.desktop@11.0.2
j  java.awt.EventDispatchThread.run()V+9 java.desktop@11.0.2
v  ~StubRoutines::call_stub

siginfo: EXCEPTION_ACCESS_VIOLATION (0xc0000005), reading address 0xffffffffffffffff


Register to memory mapping:

RIP=0x00007fffde118af0 librdi_constraints.dll
RAX=0x0000000000000002 is an unknown value
RBX=0x00000279c3364360 points into unknown readable memory: 00 00 00 00 00 00 00 00
RCX=0x8800137539f61366 is an unknown value
RDX=0x00000099a34fab78 is pointing into the stack for thread: 0x00000279ff46d800
RSP=0x00000099a34faab8 is pointing into the stack for thread: 0x00000279ff46d800
RBP=0x00000099a34fac00 is pointing into the stack for thread: 0x00000279ff46d800
RSI=0x00000099a34fab80 is pointing into the stack for thread: 0x00000279ff46d800
RDI=0x00000099a34fab78 is pointing into the stack for thread: 0x00000279ff46d800
R8 =0x00000099a34fab80 is pointing into the stack for thread: 0x00000279ff46d800
R9 =0x0000000000000006 is an unknown value
R10=0x00000279de0ef088 is at code_begin+1000 in an Interpreter codelet
method entry point (kind = native)  [0x00000279de0eeca0, 0x00000279de0ef800]  2912 bytes
R11=0x0000000740945698 is an oop: java.lang.Class 
{0x0000000740945698} - klass: 'java/lang/Class'
R12=0x0 is NULL
R13={method} {0x0000027988333928} 'Design_warnForSynthRunGoingStale' '(J)Z' in 'ui/project/projecti'
R14=0x00000099a34facd8 is pointing into the stack for thread: 0x00000279ff46d800
R15=0x00000279ff46d801 points into unknown readable memory: 69 29 e3 ff 7f 00 00


Registers:
RAX=0x0000000000000002, RBX=0x00000279c3364360, RCX=0x8800137539f61366, RDX=0x00000099a34fab78
RSP=0x00000099a34faab8, RBP=0x00000099a34fac00, RSI=0x00000099a34fab80, RDI=0x00000099a34fab78
R8 =0x00000099a34fab80, R9 =0x0000000000000006, R10=0x00000279de0ef088, R11=0x0000000740945698
R12=0x0000000000000000, R13=0x0000027988333920, R14=0x00000099a34facd8, R15=0x00000279ff46d801
RIP=0x00007fffde118af0, EFLAGS=0x0000000000010206

Top of Stack: (sp=0x00000099a34faab8)
0x00000099a34faab8:   00007fffb65b9b7f 00000279ff06de01
0x00000099a34faac8:   00000099a34fac00 00000279ff46d800
0x00000099a34faad8:   00007fffe2fc6905 fffffffffffffffe
0x00000099a34faae8:   0000005000000000 000000000000003a
0x00000099a34faaf8:   0000000000000000 0000000000000000
0x00000099a34fab08:   000031fae44ebf0f 00000279ff46d800
0x00000099a34fab18:   00000099a34facd8 0000000000001660
0x00000099a34fab28:   00000000000001d0 00000099a34facb0
0x00000099a34fab38:   00007fffb65b9cd3 00000099a34fabe0
0x00000099a34fab48:   00000279ff06df40 00007fffb6730390
0x00000099a34fab58:   0000027988333920 0000000000000000
0x00000099a34fab68:   00007fffb67303bf 00000279ff46d800
0x00000099a34fab78:   00000099a34fac00 0000027988333900
0x00000099a34fab88:   00007fffe2b490af 00000279ff46db40
0x00000099a34fab98:   fffffffffffffffe 0000027988333920
0x00000099a34faba8:   00000279ff46d800 00000279ff06de00 

Instructions: (pc=0x00007fffde118af0)
0x00007fffde118ad0:   32 c0 c3 cc cc cc cc cc cc cc cc cc cc cc cc cc
0x00007fffde118ae0:   32 c0 c3 cc cc cc cc cc cc cc cc cc cc cc cc cc
0x00007fffde118af0:   0f b6 81 28 01 00 00 c3 cc cc cc cc cc cc cc cc
0x00007fffde118b00:   48 8b 89 80 00 00 00 e9 84 42 55 00 cc cc cc cc 


Stack slot to memory mapping:
stack at sp + 0 slots: 0x00007fffb65b9b7f librdi_project.dll
stack at sp + 1 slots: 0x00000279ff06de01 points into unknown readable memory: 00 00 00 5f 75 69 5f
stack at sp + 2 slots: 0x00000099a34fac00 is pointing into the stack for thread: 0x00000279ff46d800
stack at sp + 3 slots: 0x00000279ff46d800 is a thread
stack at sp + 4 slots: 0x00007fffe2fc6905 jvm.dll
stack at sp + 5 slots: 0xfffffffffffffffe is an unknown value
stack at sp + 6 slots: 0x0000005000000000 is an unknown value
stack at sp + 7 slots: 0x000000000000003a is an unknown value


---------------  P R O C E S S  ---------------

Threads class SMR info:
_java_thread_list=0x00000279a3ed91e0, length=78, elements={
0x00000279f9a39800, 0x00000279f2844800, 0x00000279d4748800, 0x00000279ef8b9800,
0x00000279ef8ba000, 0x00000279ef8bb000, 0x00000279f99f3800, 0x00000279f754c800,
0x00000279f254d000, 0x00000279fae2f000, 0x00000279fed9c000, 0x00000279fed62800,
0x00000279fee3c800, 0x00000279ff1d7800, 0x00000279ff46d800, 0x00000279ff83b000,
0x00000279ff7f7800, 0x00000279ff70d800, 0x0000027986409800, 0x0000027986408000,
0x000002798640c000, 0x000002798640d000, 0x000002798bcae800, 0x000002798bcb0000,
0x000002798bcad000, 0x000002798bcb3800, 0x000002798bcb4800, 0x000002798bcaf800,
0x000002798bcbb000, 0x000002798bcb6000, 0x000002798bcb9000, 0x000002798bcba000,
0x000002798bcb6800, 0x000002798bcb7800, 0x000002798bcb8800, 0x000002799e7cf800,
0x000002799e7d0000, 0x000002799e7db800, 0x000002798640b800, 0x000002798640a800,
0x000002798640e800, 0x000002798bcb1000, 0x000002798bcac000, 0x00000279a056a000,
0x00000279a0560000, 0x00000279a055f800, 0x00000279a055c000, 0x00000279a0566000,
0x00000279a0569000, 0x00000279a0566800, 0x00000279a0567800, 0x000002799e7d8800,
0x000002799e7d9000, 0x000002799e7d5000, 0x000002799e7dc800, 0x000002799e7de000,
0x0000027986409000, 0x000002798640e000, 0x00000279a0564800, 0x00000279c0d37000,
0x00000279c0d36000, 0x00000279c0d38000, 0x00000279c0d3a800, 0x00000279c0d39800,
0x00000279c0d34800, 0x00000279c0d38800, 0x00000279c0d3b000, 0x00000279c0d41000,
0x00000279a0568800, 0x00000279a055b800, 0x00000279a055e800, 0x00000279a0565000,
0x000002799e7d1800, 0x000002799e7d6000, 0x000002799e7d3800, 0x00000279c0d43800,
0x00000279c0d3e800, 0x000002798bcb5000
}

Java Threads: ( => current thread )
  0x00000279f9a39800 JavaThread "main" [_thread_blocked, id=19244, stack(0x000000999d100000,0x000000999d200000)]
  0x00000279f2844800 JavaThread "Reference Handler" daemon [_thread_blocked, id=24408, stack(0x000000999ef00000,0x000000999f400000)]
  0x00000279d4748800 JavaThread "Finalizer" daemon [_thread_blocked, id=6328, stack(0x000000999f400000,0x000000999f900000)]
  0x00000279ef8b9800 JavaThread "Signal Dispatcher" daemon [_thread_blocked, id=23464, stack(0x000000999f900000,0x000000999fe00000)]
  0x00000279ef8ba000 JavaThread "Attach Listener" daemon [_thread_blocked, id=16540, stack(0x000000999fe00000,0x00000099a0300000)]
  0x00000279ef8bb000 JavaThread "C2 CompilerThread0" daemon [_thread_blocked, id=18796, stack(0x00000099a0300000,0x00000099a0400000)]
  0x00000279f99f3800 JavaThread "C1 CompilerThread0" daemon [_thread_blocked, id=1432, stack(0x00000099a0400000,0x00000099a0500000)]
  0x00000279f754c800 JavaThread "Sweeper thread" daemon [_thread_blocked, id=3120, stack(0x00000099a0500000,0x00000099a0a00000)]
  0x00000279f254d000 JavaThread "Common-Cleaner" daemon [_thread_blocked, id=26252, stack(0x00000099a0b00000,0x00000099a1000000)]
  0x00000279fae2f000 JavaThread "Service Thread" daemon [_thread_blocked, id=14348, stack(0x00000099a1000000,0x00000099a1500000)]
  0x00000279fed9c000 JavaThread "Java2D Disposer" daemon [_thread_blocked, id=20360, stack(0x00000099a1600000,0x00000099a1b00000)]
  0x00000279fed62800 JavaThread "AWT-Shutdown" [_thread_blocked, id=18584, stack(0x00000099a1b00000,0x00000099a2000000)]
  0x00000279fee3c800 JavaThread "AWT-Windows" daemon [_thread_in_native, id=23592, stack(0x00000099a2000000,0x00000099a2500000)]
  0x00000279ff1d7800 JavaThread "TimerQueue" daemon [_thread_blocked, id=6640, stack(0x00000099a2500000,0x00000099a2a00000)]
=>0x00000279ff46d800 JavaThread "AWT-EventQueue-0" [_thread_in_native, id=19572, stack(0x00000099a3000000,0x00000099a3500000)]
  0x00000279ff83b000 JavaThread "Thread-1" [_thread_in_native, id=34648, stack(0x000000999d200000,0x000000999e600000)]
  0x00000279ff7f7800 JavaThread "Process Messages Thread" [_thread_blocked, id=17612, stack(0x00000099a3a00000,0x00000099a3f00000)]
  0x00000279ff70d800 JavaThread "Batik CleanerThread" daemon [_thread_blocked, id=22500, stack(0x00000099a3500000,0x00000099a3a00000)]
  0x0000027986409800 JavaThread "SyntheticaCleanerThread" daemon [_thread_blocked, id=22896, stack(0x00000099a4e00000,0x00000099a5300000)]
  0x0000027986408000 JavaThread "Monitor HEventQueue Thread" [_thread_blocked, id=31860, stack(0x00000099a5600000,0x00000099a5b00000)]
  0x000002798640c000 JavaThread "SyntheticaAnimation 50" daemon [_thread_blocked, id=18712, stack(0x00000099a5b00000,0x00000099a6000000)]
  0x000002798640d000 JavaThread "SyntheticaAnimation 25" daemon [_thread_blocked, id=8536, stack(0x00000099a6000000,0x00000099a6500000)]
  0x000002798bcae800 JavaThread "SyntheticaAnimation 70" daemon [_thread_blocked, id=27212, stack(0x00000099a6500000,0x00000099a6a00000)]
  0x000002798bcb0000 JavaThread "hw_ila_monitor" [_thread_blocked, id=17608, stack(0x00000099a6a00000,0x00000099a6f00000)]
  0x000002798bcad000 JavaThread "pool-2-thread-1" [_thread_blocked, id=27188, stack(0x00000099a7900000,0x00000099a7e00000)]
  0x000002798bcb3800 JavaThread "pool-3-thread-1" [_thread_blocked, id=26196, stack(0x00000099a7e00000,0x00000099a8300000)]
  0x000002798bcb4800 JavaThread "pool-4-thread-1" [_thread_blocked, id=11676, stack(0x00000099a8300000,0x00000099a8800000)]
  0x000002798bcaf800 JavaThread "pool-5-thread-1" [_thread_blocked, id=27276, stack(0x00000099a8800000,0x00000099a8d00000)]
  0x000002798bcbb000 JavaThread "pool-6-thread-1" [_thread_blocked, id=23256, stack(0x00000099a8d00000,0x00000099a9200000)]
  0x000002798bcb6000 JavaThread "pool-7-thread-1" [_thread_blocked, id=24216, stack(0x00000099a9200000,0x00000099a9700000)]
  0x000002798bcb9000 JavaThread "pool-8-thread-1" [_thread_blocked, id=22560, stack(0x00000099a9700000,0x00000099a9c00000)]
  0x000002798bcba000 JavaThread "pool-9-thread-1" [_thread_blocked, id=8616, stack(0x00000099a9c00000,0x00000099aa100000)]
  0x000002798bcb6800 JavaThread "pool-10-thread-1" [_thread_blocked, id=21004, stack(0x00000099aa100000,0x00000099aa600000)]
  0x000002798bcb7800 JavaThread "pool-11-thread-1" [_thread_blocked, id=12468, stack(0x00000099aa600000,0x00000099aab00000)]
  0x000002798bcb8800 JavaThread "pool-12-thread-1" [_thread_blocked, id=30288, stack(0x00000099aab00000,0x00000099ab000000)]
  0x000002799e7cf800 JavaThread "SyntheticaAnimation 50" daemon [_thread_blocked, id=15860, stack(0x00000099a7400000,0x00000099a7900000)]
  0x000002799e7d0000 JavaThread "Image Animator 3" daemon [_thread_blocked, id=7372, stack(0x00000099ab000000,0x00000099ab500000)]
  0x000002799e7db800 JavaThread "QuantumRenderer-0" daemon [_thread_blocked, id=12948, stack(0x00000099ada00000,0x00000099adf00000)]
  0x000002798640b800 JavaThread "InvokeLaterDispatcher" daemon [_thread_blocked, id=29956, stack(0x00000099adf00000,0x00000099ae400000)]
  0x000002798640a800 JavaThread "JavaFX Application Thread" [_thread_in_native, id=5892, stack(0x00000099ae400000,0x00000099ae900000)]
  0x000002798640e800 JavaThread "Thread-516" daemon [_thread_in_native, id=23740, stack(0x00000099ad500000,0x00000099ad600000)]
  0x000002798bcb1000 JavaThread "Prism Font Disposer" daemon [_thread_blocked, id=29256, stack(0x00000099aea00000,0x00000099aef00000)]
  0x000002798bcac000 JavaThread "Disposer" daemon [_thread_blocked, id=24468, stack(0x00000099aef00000,0x00000099af400000)]
  0x00000279a056a000 JavaThread "Cleaner-0" daemon [_thread_blocked, id=20768, stack(0x00000099ad000000,0x00000099ad500000)]
  0x00000279a0560000 JavaThread "pool-17-thread-1" [_thread_blocked, id=19768, stack(0x00000099b0300000,0x00000099b0800000)]
  0x00000279a055f800 JavaThread "pool-18-thread-1" [_thread_blocked, id=31064, stack(0x00000099b0800000,0x00000099b0d00000)]
  0x00000279a055c000 JavaThread "pool-19-thread-1" [_thread_blocked, id=31180, stack(0x00000099b0d00000,0x00000099b1200000)]
  0x00000279a0566000 JavaThread "pool-21-thread-1" [_thread_blocked, id=7616, stack(0x00000099afe00000,0x00000099b0300000)]
  0x00000279a0569000 JavaThread "pool-22-thread-1" [_thread_blocked, id=21248, stack(0x00000099b1300000,0x00000099b1800000)]
  0x00000279a0566800 JavaThread "pool-23-thread-1" [_thread_blocked, id=22628, stack(0x00000099b1f00000,0x00000099b2400000)]
  0x00000279a0567800 JavaThread "pool-24-thread-1" [_thread_blocked, id=28160, stack(0x00000099b2400000,0x00000099b2900000)]
  0x000002799e7d8800 JavaThread "pool-25-thread-1" [_thread_blocked, id=8516, stack(0x00000099b2900000,0x00000099b2e00000)]
  0x000002799e7d9000 JavaThread "pool-26-thread-1" [_thread_blocked, id=28640, stack(0x00000099b2e00000,0x00000099b3300000)]
  0x000002799e7d5000 JavaThread "pool-27-thread-1" [_thread_blocked, id=23784, stack(0x00000099b3300000,0x00000099b3800000)]
  0x000002799e7dc800 JavaThread "pool-28-thread-1" [_thread_blocked, id=23020, stack(0x00000099b3800000,0x00000099b3d00000)]
  0x000002799e7de000 JavaThread "pool-29-thread-1" [_thread_blocked, id=13520, stack(0x00000099b3d00000,0x00000099b4200000)]
  0x0000027986409000 JavaThread "pool-30-thread-1" [_thread_blocked, id=25004, stack(0x00000099b4200000,0x00000099b4700000)]
  0x000002798640e000 JavaThread "pool-31-thread-1" [_thread_blocked, id=25156, stack(0x00000099b4700000,0x00000099b4c00000)]
  0x00000279a0564800 JavaThread "pool-32-thread-1" [_thread_blocked, id=25572, stack(0x00000099b4c00000,0x00000099b5100000)]
  0x00000279c0d37000 JavaThread "pool-33-thread-1" [_thread_blocked, id=5680, stack(0x00000099b5100000,0x00000099b5600000)]
  0x00000279c0d36000 JavaThread "pool-34-thread-1" [_thread_blocked, id=17952, stack(0x00000099b5600000,0x00000099b5b00000)]
  0x00000279c0d38000 JavaThread "pool-35-thread-1" [_thread_blocked, id=18136, stack(0x00000099b5b00000,0x00000099b6000000)]
  0x00000279c0d3a800 JavaThread "pool-36-thread-1" [_thread_blocked, id=23664, stack(0x00000099b6000000,0x00000099b6500000)]
  0x00000279c0d39800 JavaThread "pool-37-thread-1" [_thread_blocked, id=26308, stack(0x00000099b6500000,0x00000099b6a00000)]
  0x00000279c0d34800 JavaThread "pool-38-thread-1" [_thread_blocked, id=33196, stack(0x00000099b6a00000,0x00000099b6f00000)]
  0x00000279c0d38800 JavaThread "pool-39-thread-1" [_thread_blocked, id=29052, stack(0x00000099b6f00000,0x00000099b7400000)]
  0x00000279c0d3b000 JavaThread "pool-40-thread-1" [_thread_blocked, id=22596, stack(0x00000099b7400000,0x00000099b7900000)]
  0x00000279c0d41000 JavaThread "SyntheticaAnimation 50" daemon [_thread_blocked, id=25040, stack(0x00000099b7e00000,0x00000099b8300000)]
  0x00000279a0568800 JavaThread "Swing-Shell" daemon [_thread_blocked, id=19448, stack(0x00000099acb00000,0x00000099ad000000)]
  0x00000279a055b800 JavaThread "Refresh Filesets Swing Worker Thread" [_thread_blocked, id=25064, stack(0x00000099aba00000,0x00000099abf00000)]
  0x00000279a055e800 JavaThread "pool-45-thread-1" [_thread_blocked, id=10040, stack(0x00000099abf00000,0x00000099ac400000)]
  0x00000279a0565000 JavaThread "pool-46-thread-1" [_thread_blocked, id=15444, stack(0x00000099ac600000,0x00000099acb00000)]
  0x000002799e7d1800 JavaThread "pool-47-thread-1" [_thread_blocked, id=8336, stack(0x00000099af400000,0x00000099af900000)]
  0x000002799e7d6000 JavaThread "Update Runs Swing Worker Thread" [_thread_blocked, id=34532, stack(0x00000099af900000,0x00000099afe00000)]
  0x000002799e7d3800 JavaThread "SocketStreamHandle-2" daemon [_thread_in_native, id=31688, stack(0x00000099b9c00000,0x00000099ba100000)]
  0x00000279c0d43800 JavaThread "Timer-7" [_thread_blocked, id=15192, stack(0x00000099ab500000,0x00000099aba00000)]
  0x00000279c0d3e800 JavaThread "Monitor File Timestamp Swing Worker Thread" [_thread_blocked, id=29576, stack(0x00000099b8300000,0x00000099b8800000)]
  0x000002798bcb5000 JavaThread "Image Fetcher 0" daemon [_thread_blocked, id=14952, stack(0x00000099a4800000,0x00000099a4d00000)]

Other Threads:
  0x00000279d44c8000 VMThread "VM Thread" [stack: 0x000000999ee00000,0x000000999ef00000] [id=28332]
  0x00000279fae3c800 WatcherThread [stack: 0x00000099a1500000,0x00000099a1600000] [id=23608]
  0x00000279f9a3a000 GCTaskThread "GC Thread#0" [stack: 0x000000999e900000,0x000000999ea00000] [id=10912]
  0x00000279ff499800 GCTaskThread "GC Thread#1" [stack: 0x00000099a3f00000,0x00000099a4000000] [id=28388]
  0x00000279ff4ed800 GCTaskThread "GC Thread#2" [stack: 0x00000099a4000000,0x00000099a4100000] [id=9468]
  0x0000027986cfa000 GCTaskThread "GC Thread#3" [stack: 0x00000099a4100000,0x00000099a4200000] [id=23576]
  0x00000279fed34800 GCTaskThread "GC Thread#4" [stack: 0x00000099a4200000,0x00000099a4300000] [id=31344]
  0x00000279fed2e000 GCTaskThread "GC Thread#5" [stack: 0x00000099a4300000,0x00000099a4400000] [id=21384]
  0x00000279fed30000 GCTaskThread "GC Thread#6" [stack: 0x00000099a4400000,0x00000099a4500000] [id=29104]
  0x00000279fed33000 GCTaskThread "GC Thread#7" [stack: 0x00000099a4500000,0x00000099a4600000] [id=24936]
  0x00000279f0293000 ConcurrentGCThread "G1 Main Marker" [stack: 0x000000999ea00000,0x000000999eb00000] [id=18404]
  0x00000279efa12800 ConcurrentGCThread "G1 Conc#0" [stack: 0x000000999eb00000,0x000000999ec00000] [id=13780]
  0x00000279fed32800 ConcurrentGCThread "G1 Conc#1" [stack: 0x00000099a4700000,0x00000099a4800000] [id=31880]
  0x00000279f687e800 ConcurrentGCThread "G1 Refine#0" [stack: 0x000000999ec00000,0x000000999ed00000] [id=20612]
  0x00000279ff4cb000 ConcurrentGCThread "G1 Refine#1" [stack: 0x00000099a4600000,0x00000099a4700000] [id=20860]
  0x000002798764d000 ConcurrentGCThread "G1 Refine#2" [stack: 0x00000099a4d00000,0x00000099a4e00000] [id=22380]
  0x00000279fb0ee800 ConcurrentGCThread "G1 Young RemSet Sampling" [stack: 0x000000999ed00000,0x000000999ee00000] [id=3396]

Threads with active compile tasks:

VM state:not at safepoint (normal execution)

VM Mutex/Monitor currently owned by a thread: None

Heap address: 0x0000000740000000, size: 3072 MB, Compressed Oops mode: Zero based, Oop shift amount: 3
Narrow klass base: 0x0000000800000000, Narrow klass shift: 0
Compressed class space size: 1073741824 Address: 0x0000000800000000

Heap:
 garbage-first heap   total 235520K, used 160488K [0x0000000740000000, 0x0000000800000000)
  region size 1024K, 31 young (31744K), 3 survivors (3072K)
 Metaspace       used 112429K, capacity 113978K, committed 119120K, reserved 1150976K
  class space    used 15337K, capacity 15958K, committed 17664K, reserved 1048576K
Heap Regions: E=young(eden), S=young(survivor), O=old, HS=humongous(starts), HC=humongous(continues), CS=collection set, F=free, A=archive, TAMS=top-at-mark-start (previous, next)
|   0|0x0000000740000000, 0x0000000740100000, 0x0000000740100000|100%|HS|  |TAMS 0x0000000740100000, 0x0000000740000000| Complete 
|   1|0x0000000740100000, 0x0000000740200000, 0x0000000740200000|100%|HC|  |TAMS 0x0000000740200000, 0x0000000740100000| Complete 
|   2|0x0000000740200000, 0x0000000740300000, 0x0000000740300000|100%|HS|  |TAMS 0x0000000740300000, 0x0000000740200000| Complete 
|   3|0x0000000740300000, 0x00000007403ffff0, 0x0000000740400000| 99%| O|  |TAMS 0x00000007403ffff0, 0x0000000740300000| Untracked 
|   4|0x0000000740400000, 0x00000007404ffff8, 0x0000000740500000| 99%| O|  |TAMS 0x00000007404ffff8, 0x0000000740400000| Untracked 
|   5|0x0000000740500000, 0x00000007405fffb0, 0x0000000740600000| 99%| O|  |TAMS 0x00000007405fffb0, 0x0000000740500000| Untracked 
|   6|0x0000000740600000, 0x00000007406ffff0, 0x0000000740700000| 99%| O|  |TAMS 0x00000007406ffff0, 0x0000000740600000| Untracked 
|   7|0x0000000740700000, 0x0000000740800000, 0x0000000740800000|100%| O|  |TAMS 0x0000000740800000, 0x0000000740700000| Untracked 
|   8|0x0000000740800000, 0x00000007408eb1a0, 0x0000000740900000| 91%| O|  |TAMS 0x00000007408eb1a0, 0x0000000740800000| Untracked 
|   9|0x0000000740900000, 0x00000007409ef0c8, 0x0000000740a00000| 93%| O|  |TAMS 0x00000007409ef0c8, 0x0000000740900000| Untracked 
|  10|0x0000000740a00000, 0x0000000740af3b68, 0x0000000740b00000| 95%| O|  |TAMS 0x0000000740af3b68, 0x0000000740a00000| Untracked 
|  11|0x0000000740b00000, 0x0000000740bfffc0, 0x0000000740c00000| 99%| O|  |TAMS 0x0000000740bfffc0, 0x0000000740b00000| Untracked 
|  12|0x0000000740c00000, 0x0000000740cffff8, 0x0000000740d00000| 99%| O|  |TAMS 0x0000000740cffff8, 0x0000000740c00000| Untracked 
|  13|0x0000000740d00000, 0x0000000740dfffe8, 0x0000000740e00000| 99%| O|  |TAMS 0x0000000740dfffe8, 0x0000000740d00000| Untracked 
|  14|0x0000000740e00000, 0x0000000740ef9938, 0x0000000740f00000| 97%| O|  |TAMS 0x0000000740ef9938, 0x0000000740e00000| Untracked 
|  15|0x0000000740f00000, 0x0000000740ffe3f0, 0x0000000741000000| 99%| O|  |TAMS 0x0000000740ffe3f0, 0x0000000740f00000| Untracked 
|  16|0x0000000741000000, 0x0000000741100000, 0x0000000741100000|100%| O|  |TAMS 0x0000000741100000, 0x0000000741000000| Untracked 
|  17|0x0000000741100000, 0x00000007411f9288, 0x0000000741200000| 97%| O|  |TAMS 0x00000007411f9288, 0x0000000741100000| Untracked 
|  18|0x0000000741200000, 0x0000000741300000, 0x0000000741300000|100%| O|  |TAMS 0x0000000741300000, 0x0000000741200000| Untracked 
|  19|0x0000000741300000, 0x00000007413ffff8, 0x0000000741400000| 99%| O|  |TAMS 0x00000007413ffff8, 0x0000000741300000| Untracked 
|  20|0x0000000741400000, 0x00000007414fffd8, 0x0000000741500000| 99%| O|  |TAMS 0x00000007414fffd8, 0x0000000741400000| Untracked 
|  21|0x0000000741500000, 0x0000000741600000, 0x0000000741600000|100%|HS|  |TAMS 0x0000000741600000, 0x0000000741500000| Complete 
|  22|0x0000000741600000, 0x0000000741700000, 0x0000000741700000|100%|HS|  |TAMS 0x0000000741700000, 0x0000000741600000| Complete 
|  23|0x0000000741700000, 0x00000007417ffec8, 0x0000000741800000| 99%| O|  |TAMS 0x00000007417ffec8, 0x0000000741700000| Untracked 
|  24|0x0000000741800000, 0x00000007418fffc8, 0x0000000741900000| 99%| O|  |TAMS 0x00000007418fffc8, 0x0000000741800000| Untracked 
|  25|0x0000000741900000, 0x00000007419fffd8, 0x0000000741a00000| 99%| O|  |TAMS 0x00000007419fffd8, 0x0000000741900000| Untracked 
|  26|0x0000000741a00000, 0x0000000741affff8, 0x0000000741b00000| 99%| O|  |TAMS 0x0000000741affff8, 0x0000000741a00000| Untracked 
|  27|0x0000000741b00000, 0x0000000741be1580, 0x0000000741c00000| 88%| O|  |TAMS 0x0000000741be1580, 0x0000000741b00000| Untracked 
|  28|0x0000000741c00000, 0x0000000741cffff0, 0x0000000741d00000| 99%| O|  |TAMS 0x0000000741cffff0, 0x0000000741c00000| Untracked 
|  29|0x0000000741d00000, 0x0000000741dfffe8, 0x0000000741e00000| 99%| O|  |TAMS 0x0000000741dfffe8, 0x0000000741d00000| Untracked 
|  30|0x0000000741e00000, 0x0000000741efffc8, 0x0000000741f00000| 99%| O|  |TAMS 0x0000000741efffc8, 0x0000000741e00000| Untracked 
|  31|0x0000000741f00000, 0x0000000741fa02e0, 0x0000000742000000| 62%| O|  |TAMS 0x0000000741fa02e0, 0x0000000741f00000| Untracked 
|  32|0x0000000742000000, 0x00000007420fffb8, 0x0000000742100000| 99%| O|  |TAMS 0x00000007420fffb8, 0x0000000742000000| Untracked 
|  33|0x0000000742100000, 0x00000007421fffa8, 0x0000000742200000| 99%| O|  |TAMS 0x00000007421fffa8, 0x0000000742100000| Untracked 
|  34|0x0000000742200000, 0x00000007422cc738, 0x0000000742300000| 79%| O|  |TAMS 0x00000007422cc738, 0x0000000742200000| Untracked 
|  35|0x0000000742300000, 0x00000007423ffef8, 0x0000000742400000| 99%| O|  |TAMS 0x00000007423ffef8, 0x0000000742300000| Untracked 
|  36|0x0000000742400000, 0x00000007424fffe8, 0x0000000742500000| 99%| O|  |TAMS 0x00000007424fffe8, 0x0000000742400000| Untracked 
|  37|0x0000000742500000, 0x0000000742600000, 0x0000000742600000|100%| O|  |TAMS 0x0000000742600000, 0x0000000742500000| Untracked 
|  38|0x0000000742600000, 0x00000007426fffe8, 0x0000000742700000| 99%| O|  |TAMS 0x00000007426fffe8, 0x0000000742600000| Untracked 
|  39|0x0000000742700000, 0x00000007427fffd0, 0x0000000742800000| 99%| O|  |TAMS 0x00000007427fffd0, 0x0000000742700000| Untracked 
|  40|0x0000000742800000, 0x0000000742900000, 0x0000000742900000|100%| O|  |TAMS 0x0000000742900000, 0x0000000742800000| Untracked 
|  41|0x0000000742900000, 0x00000007429fffc8, 0x0000000742a00000| 99%| O|  |TAMS 0x00000007429fffc8, 0x0000000742900000| Untracked 
|  42|0x0000000742a00000, 0x0000000742b00000, 0x0000000742b00000|100%|HS|  |TAMS 0x0000000742b00000, 0x0000000742a00000| Complete 
|  43|0x0000000742b00000, 0x0000000742c00000, 0x0000000742c00000|100%|HC|  |TAMS 0x0000000742c00000, 0x0000000742b00000| Complete 
|  44|0x0000000742c00000, 0x0000000742d00000, 0x0000000742d00000|100%|HC|  |TAMS 0x0000000742d00000, 0x0000000742c00000| Complete 
|  45|0x0000000742d00000, 0x0000000742e00000, 0x0000000742e00000|100%|HC|  |TAMS 0x0000000742e00000, 0x0000000742d00000| Complete 
|  46|0x0000000742e00000, 0x0000000742f00000, 0x0000000742f00000|100%|HC|  |TAMS 0x0000000742f00000, 0x0000000742e00000| Complete 
|  47|0x0000000742f00000, 0x0000000743000000, 0x0000000743000000|100%|HC|  |TAMS 0x0000000743000000, 0x0000000742f00000| Complete 
|  48|0x0000000743000000, 0x0000000743100000, 0x0000000743100000|100%|HC|  |TAMS 0x0000000743100000, 0x0000000743000000| Complete 
|  49|0x0000000743100000, 0x0000000743200000, 0x0000000743200000|100%|HC|  |TAMS 0x0000000743200000, 0x0000000743100000| Complete 
|  50|0x0000000743200000, 0x0000000743300000, 0x0000000743300000|100%|HC|  |TAMS 0x0000000743300000, 0x0000000743200000| Complete 
|  51|0x0000000743300000, 0x0000000743400000, 0x0000000743400000|100%|HC|  |TAMS 0x0000000743400000, 0x0000000743300000| Complete 
|  52|0x0000000743400000, 0x0000000743500000, 0x0000000743500000|100%|HC|  |TAMS 0x0000000743500000, 0x0000000743400000| Complete 
|  53|0x0000000743500000, 0x0000000743600000, 0x0000000743600000|100%|HC|  |TAMS 0x0000000743600000, 0x0000000743500000| Complete 
|  54|0x0000000743600000, 0x0000000743700000, 0x0000000743700000|100%| O|  |TAMS 0x0000000743700000, 0x0000000743600000| Untracked 
|  55|0x0000000743700000, 0x00000007437ffff8, 0x0000000743800000| 99%| O|  |TAMS 0x00000007437ffff8, 0x0000000743700000| Untracked 
|  56|0x0000000743800000, 0x00000007438fffd8, 0x0000000743900000| 99%| O|  |TAMS 0x00000007438fffd8, 0x0000000743800000| Untracked 
|  57|0x0000000743900000, 0x00000007439fffa8, 0x0000000743a00000| 99%| O|  |TAMS 0x00000007439fffa8, 0x0000000743900000| Untracked 
|  58|0x0000000743a00000, 0x0000000743affff8, 0x0000000743b00000| 99%| O|  |TAMS 0x0000000743affff8, 0x0000000743a00000| Untracked 
|  59|0x0000000743b00000, 0x0000000743c00000, 0x0000000743c00000|100%| O|  |TAMS 0x0000000743c00000, 0x0000000743b00000| Untracked 
|  60|0x0000000743c00000, 0x0000000743d00000, 0x0000000743d00000|100%| O|  |TAMS 0x0000000743d00000, 0x0000000743c00000| Untracked 
|  61|0x0000000743d00000, 0x0000000743e00000, 0x0000000743e00000|100%| O|  |TAMS 0x0000000743e00000, 0x0000000743d00000| Untracked 
|  62|0x0000000743e00000, 0x0000000743ecaf30, 0x0000000743f00000| 79%| O|  |TAMS 0x0000000743ecaf30, 0x0000000743e00000| Untracked 
|  63|0x0000000743f00000, 0x0000000743ffffe0, 0x0000000744000000| 99%| O|  |TAMS 0x0000000743ffffe0, 0x0000000743f00000| Untracked 
|  64|0x0000000744000000, 0x00000007440fce98, 0x0000000744100000| 98%| O|  |TAMS 0x00000007440fce98, 0x0000000744000000| Untracked 
|  65|0x0000000744100000, 0x00000007441ffef8, 0x0000000744200000| 99%| O|  |TAMS 0x00000007441ffef8, 0x0000000744100000| Untracked 
|  66|0x0000000744200000, 0x0000000744300000, 0x0000000744300000|100%| O|  |TAMS 0x0000000744300000, 0x0000000744200000| Untracked 
|  67|0x0000000744300000, 0x00000007443fffe0, 0x0000000744400000| 99%| O|  |TAMS 0x00000007443fffe0, 0x0000000744300000| Untracked 
|  68|0x0000000744400000, 0x0000000744500000, 0x0000000744500000|100%| O|  |TAMS 0x0000000744500000, 0x0000000744400000| Untracked 
|  69|0x0000000744500000, 0x00000007445ffff0, 0x0000000744600000| 99%| O|  |TAMS 0x00000007445ffff0, 0x0000000744500000| Untracked 
|  70|0x0000000744600000, 0x00000007446ffff8, 0x0000000744700000| 99%| O|  |TAMS 0x00000007446ffff8, 0x0000000744600000| Untracked 
|  71|0x0000000744700000, 0x00000007447fe7b0, 0x0000000744800000| 99%| O|  |TAMS 0x00000007447fe7b0, 0x0000000744700000| Untracked 
|  72|0x0000000744800000, 0x00000007448ffff0, 0x0000000744900000| 99%| O|  |TAMS 0x00000007448ffff0, 0x0000000744800000| Untracked 
|  73|0x0000000744900000, 0x00000007449ff098, 0x0000000744a00000| 99%| O|  |TAMS 0x00000007449ff098, 0x0000000744900000| Untracked 
|  74|0x0000000744a00000, 0x0000000744b00000, 0x0000000744b00000|100%| O|  |TAMS 0x0000000744b00000, 0x0000000744a00000| Untracked 
|  75|0x0000000744b00000, 0x0000000744bfffe0, 0x0000000744c00000| 99%| O|  |TAMS 0x0000000744bfffe0, 0x0000000744b00000| Untracked 
|  76|0x0000000744c00000, 0x0000000744cfb8c0, 0x0000000744d00000| 98%| O|  |TAMS 0x0000000744cfb8c0, 0x0000000744c00000| Untracked 
|  77|0x0000000744d00000, 0x0000000744dffff8, 0x0000000744e00000| 99%| O|  |TAMS 0x0000000744dffff8, 0x0000000744d00000| Untracked 
|  78|0x0000000744e00000, 0x0000000744efff98, 0x0000000744f00000| 99%| O|  |TAMS 0x0000000744efff98, 0x0000000744e00000| Untracked 
|  79|0x0000000744f00000, 0x0000000744fffec8, 0x0000000745000000| 99%| O|  |TAMS 0x0000000744fffec8, 0x0000000744f00000| Untracked 
|  80|0x0000000745000000, 0x00000007450ffff8, 0x0000000745100000| 99%| O|  |TAMS 0x00000007450ffff8, 0x0000000745000000| Untracked 
|  81|0x0000000745100000, 0x00000007451ffe68, 0x0000000745200000| 99%| O|  |TAMS 0x00000007451ffe68, 0x0000000745100000| Untracked 
|  82|0x0000000745200000, 0x00000007452fffe8, 0x0000000745300000| 99%| O|  |TAMS 0x00000007452fffe8, 0x0000000745200000| Untracked 
|  83|0x0000000745300000, 0x00000007453fffd8, 0x0000000745400000| 99%| O|  |TAMS 0x00000007453fffd8, 0x0000000745300000| Untracked 
|  84|0x0000000745400000, 0x00000007454e3ef8, 0x0000000745500000| 89%| O|  |TAMS 0x00000007454e3ef8, 0x0000000745400000| Untracked 
|  85|0x0000000745500000, 0x00000007455fff58, 0x0000000745600000| 99%| O|  |TAMS 0x00000007455fff58, 0x0000000745500000| Untracked 
|  86|0x0000000745600000, 0x00000007456ffff0, 0x0000000745700000| 99%| O|  |TAMS 0x00000007456ffff0, 0x0000000745600000| Untracked 
|  87|0x0000000745700000, 0x00000007457ffff8, 0x0000000745800000| 99%| O|  |TAMS 0x00000007457ffff8, 0x0000000745700000| Untracked 
|  88|0x0000000745800000, 0x00000007458ffff8, 0x0000000745900000| 99%| O|  |TAMS 0x00000007458ffff8, 0x0000000745800000| Untracked 
|  89|0x0000000745900000, 0x00000007459fecc0, 0x0000000745a00000| 99%| O|  |TAMS 0x00000007459fecc0, 0x0000000745900000| Untracked 
|  90|0x0000000745a00000, 0x0000000745b00000, 0x0000000745b00000|100%| O|  |TAMS 0x0000000745b00000, 0x0000000745a00000| Untracked 
|  91|0x0000000745b00000, 0x0000000745bfffe8, 0x0000000745c00000| 99%| O|  |TAMS 0x0000000745bfffe8, 0x0000000745b00000| Untracked 
|  92|0x0000000745c00000, 0x0000000745ce5e48, 0x0000000745d00000| 89%| O|  |TAMS 0x0000000745ce5e48, 0x0000000745c00000| Untracked 
|  93|0x0000000745d00000, 0x0000000745e00000, 0x0000000745e00000|100%| O|  |TAMS 0x0000000745e00000, 0x0000000745d00000| Untracked 
|  94|0x0000000745e00000, 0x0000000745effff8, 0x0000000745f00000| 99%| O|  |TAMS 0x0000000745effff8, 0x0000000745e00000| Untracked 
|  95|0x0000000745f00000, 0x0000000745ffffe8, 0x0000000746000000| 99%| O|  |TAMS 0x0000000745ffffe8, 0x0000000745f00000| Untracked 
|  96|0x0000000746000000, 0x00000007460ffff8, 0x0000000746100000| 99%| O|  |TAMS 0x00000007460ffff8, 0x0000000746000000| Untracked 
|  97|0x0000000746100000, 0x0000000746200000, 0x0000000746200000|100%| O|  |TAMS 0x0000000746200000, 0x0000000746100000| Untracked 
|  98|0x0000000746200000, 0x00000007462fffc8, 0x0000000746300000| 99%| O|  |TAMS 0x00000007462fffc8, 0x0000000746200000| Untracked 
|  99|0x0000000746300000, 0x00000007463ffff0, 0x0000000746400000| 99%| O|  |TAMS 0x00000007463ffff0, 0x0000000746300000| Untracked 
| 100|0x0000000746400000, 0x0000000746500000, 0x0000000746500000|100%| O|  |TAMS 0x0000000746400000, 0x0000000746400000| Untracked 
| 101|0x0000000746500000, 0x00000007465fff88, 0x0000000746600000| 99%| O|  |TAMS 0x00000007465fff88, 0x0000000746500000| Untracked 
| 102|0x0000000746600000, 0x00000007466ffff0, 0x0000000746700000| 99%| O|  |TAMS 0x00000007466ffff0, 0x0000000746600000| Untracked 
| 103|0x0000000746700000, 0x00000007467907f8, 0x0000000746800000| 56%| O|  |TAMS 0x00000007467907f8, 0x0000000746700000| Untracked 
| 104|0x0000000746800000, 0x00000007468fff60, 0x0000000746900000| 99%| O|  |TAMS 0x00000007468fff60, 0x0000000746800000| Untracked 
| 105|0x0000000746900000, 0x00000007469fffe8, 0x0000000746a00000| 99%| O|  |TAMS 0x00000007469fffe8, 0x0000000746900000| Untracked 
| 106|0x0000000746a00000, 0x0000000746afffe0, 0x0000000746b00000| 99%| O|  |TAMS 0x0000000746afffe0, 0x0000000746a00000| Untracked 
| 107|0x0000000746b00000, 0x0000000746c00000, 0x0000000746c00000|100%| O|  |TAMS 0x0000000746c00000, 0x0000000746b00000| Untracked 
| 108|0x0000000746c00000, 0x0000000746cffff0, 0x0000000746d00000| 99%| O|  |TAMS 0x0000000746cffff0, 0x0000000746c00000| Untracked 
| 109|0x0000000746d00000, 0x0000000746e00000, 0x0000000746e00000|100%|HS|  |TAMS 0x0000000746e00000, 0x0000000746d00000| Complete 
| 110|0x0000000746e00000, 0x0000000746f00000, 0x0000000746f00000|100%|HC|  |TAMS 0x0000000746f00000, 0x0000000746e00000| Complete 
| 111|0x0000000746f00000, 0x0000000747000000, 0x0000000747000000|100%| O|  |TAMS 0x0000000746f00000, 0x0000000746f00000| Untracked 
| 112|0x0000000747000000, 0x0000000747100000, 0x0000000747100000|100%| O|  |TAMS 0x0000000747000000, 0x0000000747000000| Untracked 
| 113|0x0000000747100000, 0x0000000747200000, 0x0000000747200000|100%| O|  |TAMS 0x0000000747200000, 0x0000000747100000| Untracked 
| 114|0x0000000747200000, 0x000000074727ca40, 0x0000000747300000| 48%| O|  |TAMS 0x000000074727ca40, 0x0000000747200000| Untracked 
| 115|0x0000000747300000, 0x0000000747400000, 0x0000000747400000|100%| O|  |TAMS 0x0000000747300000, 0x0000000747300000| Untracked 
| 116|0x0000000747400000, 0x00000007474915e8, 0x0000000747500000| 56%| O|  |TAMS 0x00000007474915e8, 0x0000000747400000| Untracked 
| 117|0x0000000747500000, 0x0000000747600000, 0x0000000747600000|100%| O|  |TAMS 0x0000000747600000, 0x0000000747500000| Untracked 
| 118|0x0000000747600000, 0x0000000747700000, 0x0000000747700000|100%| O|  |TAMS 0x0000000747700000, 0x0000000747600000| Untracked 
| 119|0x0000000747700000, 0x0000000747800000, 0x0000000747800000|100%| O|  |TAMS 0x0000000747800000, 0x0000000747700000| Untracked 
| 120|0x0000000747800000, 0x0000000747900000, 0x0000000747900000|100%| O|  |TAMS 0x000000074780d200, 0x0000000747800000| Untracked 
| 121|0x0000000747900000, 0x0000000747a00000, 0x0000000747a00000|100%| O|  |TAMS 0x0000000747900000, 0x0000000747900000| Untracked 
| 122|0x0000000747a00000, 0x0000000747b00000, 0x0000000747b00000|100%| O|  |TAMS 0x0000000747a00000, 0x0000000747a00000| Untracked 
| 123|0x0000000747b00000, 0x0000000747c00000, 0x0000000747c00000|100%| O|  |TAMS 0x0000000747b00000, 0x0000000747b00000| Untracked 
| 124|0x0000000747c00000, 0x0000000747d00000, 0x0000000747d00000|100%| O|  |TAMS 0x0000000747c00000, 0x0000000747c00000| Untracked 
| 125|0x0000000747d00000, 0x0000000747e00000, 0x0000000747e00000|100%|HS|  |TAMS 0x0000000747d00000, 0x0000000747d00000| Complete 
| 126|0x0000000747e00000, 0x0000000747f00000, 0x0000000747f00000|100%|HC|  |TAMS 0x0000000747e00000, 0x0000000747e00000| Complete 
| 127|0x0000000747f00000, 0x0000000748000000, 0x0000000748000000|100%|HC|  |TAMS 0x0000000747f00000, 0x0000000747f00000| Complete 
| 128|0x0000000748000000, 0x0000000748100000, 0x0000000748100000|100%|HC|  |TAMS 0x0000000748000000, 0x0000000748000000| Complete 
| 129|0x0000000748100000, 0x0000000748200000, 0x0000000748200000|100%| O|  |TAMS 0x0000000748100000, 0x0000000748100000| Untracked 
| 130|0x0000000748200000, 0x0000000748262a00, 0x0000000748300000| 38%| O|  |TAMS 0x0000000748200000, 0x0000000748200000| Untracked 
| 131|0x0000000748300000, 0x0000000748300000, 0x0000000748400000|  0%| F|  |TAMS 0x0000000748300000, 0x0000000748300000| Untracked 
| 132|0x0000000748400000, 0x0000000748400000, 0x0000000748500000|  0%| F|  |TAMS 0x0000000748400000, 0x0000000748400000| Untracked 
| 133|0x0000000748500000, 0x0000000748500000, 0x0000000748600000|  0%| F|  |TAMS 0x0000000748500000, 0x0000000748500000| Untracked 
| 134|0x0000000748600000, 0x0000000748600000, 0x0000000748700000|  0%| F|  |TAMS 0x0000000748600000, 0x0000000748600000| Untracked 
| 135|0x0000000748700000, 0x0000000748700000, 0x0000000748800000|  0%| F|  |TAMS 0x0000000748700000, 0x0000000748700000| Untracked 
| 136|0x0000000748800000, 0x0000000748800000, 0x0000000748900000|  0%| F|  |TAMS 0x0000000748800000, 0x0000000748800000| Untracked 
| 137|0x0000000748900000, 0x0000000748900000, 0x0000000748a00000|  0%| F|  |TAMS 0x0000000748900000, 0x0000000748900000| Untracked 
| 138|0x0000000748a00000, 0x0000000748a00000, 0x0000000748b00000|  0%| F|  |TAMS 0x0000000748a00000, 0x0000000748a00000| Untracked 
| 139|0x0000000748b00000, 0x0000000748b00000, 0x0000000748c00000|  0%| F|  |TAMS 0x0000000748b00000, 0x0000000748b00000| Untracked 
| 140|0x0000000748c00000, 0x0000000748c00000, 0x0000000748d00000|  0%| F|  |TAMS 0x0000000748c00000, 0x0000000748c00000| Untracked 
| 141|0x0000000748d00000, 0x0000000748d00000, 0x0000000748e00000|  0%| F|  |TAMS 0x0000000748d00000, 0x0000000748d00000| Untracked 
| 142|0x0000000748e00000, 0x0000000748e00000, 0x0000000748f00000|  0%| F|  |TAMS 0x0000000748e00000, 0x0000000748e00000| Untracked 
| 143|0x0000000748f00000, 0x0000000748f00000, 0x0000000749000000|  0%| F|  |TAMS 0x0000000748f00000, 0x0000000748f00000| Untracked 
| 144|0x0000000749000000, 0x0000000749000000, 0x0000000749100000|  0%| F|  |TAMS 0x0000000749000000, 0x0000000749000000| Untracked 
| 145|0x0000000749100000, 0x0000000749100000, 0x0000000749200000|  0%| F|  |TAMS 0x0000000749100000, 0x0000000749100000| Untracked 
| 146|0x0000000749200000, 0x0000000749200000, 0x0000000749300000|  0%| F|  |TAMS 0x0000000749200000, 0x0000000749200000| Untracked 
| 147|0x0000000749300000, 0x0000000749300000, 0x0000000749400000|  0%| F|  |TAMS 0x0000000749300000, 0x0000000749300000| Untracked 
| 148|0x0000000749400000, 0x0000000749400000, 0x0000000749500000|  0%| F|  |TAMS 0x0000000749400000, 0x0000000749400000| Untracked 
| 149|0x0000000749500000, 0x0000000749500000, 0x0000000749600000|  0%| F|  |TAMS 0x0000000749500000, 0x0000000749500000| Untracked 
| 150|0x0000000749600000, 0x0000000749600000, 0x0000000749700000|  0%| F|  |TAMS 0x0000000749600000, 0x0000000749600000| Untracked 
| 151|0x0000000749700000, 0x0000000749700000, 0x0000000749800000|  0%| F|  |TAMS 0x0000000749700000, 0x0000000749700000| Untracked 
| 152|0x0000000749800000, 0x0000000749800000, 0x0000000749900000|  0%| F|  |TAMS 0x0000000749800000, 0x0000000749800000| Untracked 
| 153|0x0000000749900000, 0x0000000749900000, 0x0000000749a00000|  0%| F|  |TAMS 0x0000000749900000, 0x0000000749900000| Untracked 
| 154|0x0000000749a00000, 0x0000000749a00000, 0x0000000749b00000|  0%| F|  |TAMS 0x0000000749a00000, 0x0000000749a00000| Untracked 
| 155|0x0000000749b00000, 0x0000000749b00000, 0x0000000749c00000|  0%| F|  |TAMS 0x0000000749b00000, 0x0000000749b00000| Untracked 
| 156|0x0000000749c00000, 0x0000000749c00000, 0x0000000749d00000|  0%| F|  |TAMS 0x0000000749c00000, 0x0000000749c00000| Untracked 
| 157|0x0000000749d00000, 0x0000000749d00000, 0x0000000749e00000|  0%| F|  |TAMS 0x0000000749d00000, 0x0000000749d00000| Untracked 
| 158|0x0000000749e00000, 0x0000000749e00000, 0x0000000749f00000|  0%| F|  |TAMS 0x0000000749e00000, 0x0000000749e00000| Untracked 
| 159|0x0000000749f00000, 0x0000000749f00000, 0x000000074a000000|  0%| F|  |TAMS 0x0000000749f00000, 0x0000000749f00000| Untracked 
| 160|0x000000074a000000, 0x000000074a000000, 0x000000074a100000|  0%| F|  |TAMS 0x000000074a000000, 0x000000074a000000| Untracked 
| 161|0x000000074a100000, 0x000000074a100000, 0x000000074a200000|  0%| F|  |TAMS 0x000000074a100000, 0x000000074a100000| Untracked 
| 162|0x000000074a200000, 0x000000074a200000, 0x000000074a300000|  0%| F|  |TAMS 0x000000074a200000, 0x000000074a200000| Untracked 
| 163|0x000000074a300000, 0x000000074a300000, 0x000000074a400000|  0%| F|  |TAMS 0x000000074a300000, 0x000000074a300000| Untracked 
| 164|0x000000074a400000, 0x000000074a400000, 0x000000074a500000|  0%| F|  |TAMS 0x000000074a400000, 0x000000074a400000| Untracked 
| 165|0x000000074a500000, 0x000000074a500000, 0x000000074a600000|  0%| F|  |TAMS 0x000000074a500000, 0x000000074a500000| Untracked 
| 166|0x000000074a600000, 0x000000074a600000, 0x000000074a700000|  0%| F|  |TAMS 0x000000074a600000, 0x000000074a600000| Untracked 
| 167|0x000000074a700000, 0x000000074a723980, 0x000000074a800000| 13%| S|CS|TAMS 0x000000074a700000, 0x000000074a700000| Complete 
| 168|0x000000074a800000, 0x000000074a900000, 0x000000074a900000|100%| S|CS|TAMS 0x000000074a800000, 0x000000074a800000| Complete 
| 169|0x000000074a900000, 0x000000074a900000, 0x000000074aa00000|  0%| F|  |TAMS 0x000000074a900000, 0x000000074a900000| Untracked 
| 170|0x000000074aa00000, 0x000000074ab00000, 0x000000074ab00000|100%| S|CS|TAMS 0x000000074aa00000, 0x000000074aa00000| Complete 
| 171|0x000000074ab00000, 0x000000074ab00000, 0x000000074ac00000|  0%| F|  |TAMS 0x000000074ab00000, 0x000000074ab00000| Untracked 
| 172|0x000000074ac00000, 0x000000074ac00000, 0x000000074ad00000|  0%| F|  |TAMS 0x000000074ac00000, 0x000000074ac00000| Untracked 
| 173|0x000000074ad00000, 0x000000074ad00000, 0x000000074ae00000|  0%| F|  |TAMS 0x000000074ad00000, 0x000000074ad00000| Untracked 
| 174|0x000000074ae00000, 0x000000074ae00000, 0x000000074af00000|  0%| F|  |TAMS 0x000000074ae00000, 0x000000074ae00000| Untracked 
| 175|0x000000074af00000, 0x000000074af00000, 0x000000074b000000|  0%| F|  |TAMS 0x000000074af00000, 0x000000074af00000| Untracked 
| 176|0x000000074b000000, 0x000000074b000000, 0x000000074b100000|  0%| F|  |TAMS 0x000000074b000000, 0x000000074b000000| Untracked 
| 177|0x000000074b100000, 0x000000074b100000, 0x000000074b200000|  0%| F|  |TAMS 0x000000074b100000, 0x000000074b100000| Untracked 
| 178|0x000000074b200000, 0x000000074b200000, 0x000000074b300000|  0%| F|  |TAMS 0x000000074b200000, 0x000000074b200000| Untracked 
| 179|0x000000074b300000, 0x000000074b300000, 0x000000074b400000|  0%| F|  |TAMS 0x000000074b300000, 0x000000074b300000| Untracked 
| 180|0x000000074b400000, 0x000000074b400000, 0x000000074b500000|  0%| F|  |TAMS 0x000000074b400000, 0x000000074b400000| Untracked 
| 181|0x000000074b500000, 0x000000074b500000, 0x000000074b600000|  0%| F|  |TAMS 0x000000074b500000, 0x000000074b500000| Untracked 
| 182|0x000000074b600000, 0x000000074b600000, 0x000000074b700000|  0%| F|  |TAMS 0x000000074b600000, 0x000000074b600000| Untracked 
| 183|0x000000074b700000, 0x000000074b700000, 0x000000074b800000|  0%| F|  |TAMS 0x000000074b700000, 0x000000074b700000| Untracked 
| 184|0x000000074b800000, 0x000000074b800000, 0x000000074b900000|  0%| F|  |TAMS 0x000000074b800000, 0x000000074b800000| Untracked 
| 185|0x000000074b900000, 0x000000074b900000, 0x000000074ba00000|  0%| F|  |TAMS 0x000000074b900000, 0x000000074b900000| Untracked 
| 186|0x000000074ba00000, 0x000000074ba00000, 0x000000074bb00000|  0%| F|  |TAMS 0x000000074ba00000, 0x000000074ba00000| Untracked 
| 187|0x000000074bb00000, 0x000000074bb00000, 0x000000074bc00000|  0%| F|  |TAMS 0x000000074bb00000, 0x000000074bb00000| Untracked 
| 188|0x000000074bc00000, 0x000000074bc00000, 0x000000074bd00000|  0%| F|  |TAMS 0x000000074bc00000, 0x000000074bc00000| Untracked 
| 189|0x000000074bd00000, 0x000000074bd00000, 0x000000074be00000|  0%| F|  |TAMS 0x000000074bd00000, 0x000000074bd00000| Untracked 
| 190|0x000000074be00000, 0x000000074be00000, 0x000000074bf00000|  0%| F|  |TAMS 0x000000074be00000, 0x000000074be00000| Untracked 
| 191|0x000000074bf00000, 0x000000074bf00000, 0x000000074c000000|  0%| F|  |TAMS 0x000000074bf00000, 0x000000074bf00000| Untracked 
| 192|0x000000074c000000, 0x000000074c000000, 0x000000074c100000|  0%| F|  |TAMS 0x000000074c000000, 0x000000074c000000| Untracked 
| 193|0x000000074c100000, 0x000000074c100000, 0x000000074c200000|  0%| F|  |TAMS 0x000000074c100000, 0x000000074c100000| Untracked 
| 194|0x000000074c200000, 0x000000074c200000, 0x000000074c300000|  0%| F|  |TAMS 0x000000074c200000, 0x000000074c200000| Untracked 
| 195|0x000000074c300000, 0x000000074c300000, 0x000000074c400000|  0%| F|  |TAMS 0x000000074c300000, 0x000000074c300000| Untracked 
| 196|0x000000074c400000, 0x000000074c400000, 0x000000074c500000|  0%| F|  |TAMS 0x000000074c400000, 0x000000074c400000| Untracked 
| 197|0x000000074c500000, 0x000000074c500000, 0x000000074c600000|  0%| F|  |TAMS 0x000000074c500000, 0x000000074c500000| Untracked 
| 198|0x000000074c600000, 0x000000074c600000, 0x000000074c700000|  0%| F|  |TAMS 0x000000074c600000, 0x000000074c600000| Untracked 
| 199|0x000000074c700000, 0x000000074c700000, 0x000000074c800000|  0%| F|  |TAMS 0x000000074c700000, 0x000000074c700000| Untracked 
| 200|0x000000074c800000, 0x000000074c800000, 0x000000074c900000|  0%| F|  |TAMS 0x000000074c800000, 0x000000074c800000| Untracked 
| 201|0x000000074c900000, 0x000000074c900000, 0x000000074ca00000|  0%| F|  |TAMS 0x000000074c900000, 0x000000074c900000| Untracked 
| 202|0x000000074ca00000, 0x000000074cadd9f0, 0x000000074cb00000| 86%| E|  |TAMS 0x000000074ca00000, 0x000000074ca00000| Complete 
| 203|0x000000074cb00000, 0x000000074cc00000, 0x000000074cc00000|100%| E|CS|TAMS 0x000000074cb00000, 0x000000074cb00000| Complete 
| 204|0x000000074cc00000, 0x000000074cd00000, 0x000000074cd00000|100%| E|CS|TAMS 0x000000074cc00000, 0x000000074cc00000| Complete 
| 205|0x000000074cd00000, 0x000000074ce00000, 0x000000074ce00000|100%| E|CS|TAMS 0x000000074cd00000, 0x000000074cd00000| Complete 
| 206|0x000000074ce00000, 0x000000074cf00000, 0x000000074cf00000|100%| E|CS|TAMS 0x000000074ce00000, 0x000000074ce00000| Complete 
| 207|0x000000074cf00000, 0x000000074d000000, 0x000000074d000000|100%| E|CS|TAMS 0x000000074cf00000, 0x000000074cf00000| Complete 
| 208|0x000000074d000000, 0x000000074d100000, 0x000000074d100000|100%| E|CS|TAMS 0x000000074d000000, 0x000000074d000000| Complete 
| 209|0x000000074d100000, 0x000000074d200000, 0x000000074d200000|100%| E|CS|TAMS 0x000000074d100000, 0x000000074d100000| Complete 
| 210|0x000000074d200000, 0x000000074d300000, 0x000000074d300000|100%| E|CS|TAMS 0x000000074d200000, 0x000000074d200000| Complete 
| 211|0x000000074d300000, 0x000000074d400000, 0x000000074d400000|100%| E|CS|TAMS 0x000000074d300000, 0x000000074d300000| Complete 
| 212|0x000000074d400000, 0x000000074d500000, 0x000000074d500000|100%| E|CS|TAMS 0x000000074d400000, 0x000000074d400000| Complete 
| 213|0x000000074d500000, 0x000000074d600000, 0x000000074d600000|100%| E|CS|TAMS 0x000000074d500000, 0x000000074d500000| Complete 
| 214|0x000000074d600000, 0x000000074d700000, 0x000000074d700000|100%| E|CS|TAMS 0x000000074d600000, 0x000000074d600000| Complete 
| 215|0x000000074d700000, 0x000000074d800000, 0x000000074d800000|100%| E|CS|TAMS 0x000000074d700000, 0x000000074d700000| Complete 
| 216|0x000000074d800000, 0x000000074d900000, 0x000000074d900000|100%| E|CS|TAMS 0x000000074d800000, 0x000000074d800000| Complete 
| 217|0x000000074d900000, 0x000000074da00000, 0x000000074da00000|100%| E|CS|TAMS 0x000000074d900000, 0x000000074d900000| Complete 
| 218|0x000000074da00000, 0x000000074db00000, 0x000000074db00000|100%| E|CS|TAMS 0x000000074da00000, 0x000000074da00000| Complete 
| 219|0x000000074db00000, 0x000000074dc00000, 0x000000074dc00000|100%| E|CS|TAMS 0x000000074db00000, 0x000000074db00000| Complete 
| 220|0x000000074dc00000, 0x000000074dd00000, 0x000000074dd00000|100%| E|CS|TAMS 0x000000074dc00000, 0x000000074dc00000| Complete 
| 221|0x000000074dd00000, 0x000000074de00000, 0x000000074de00000|100%| E|CS|TAMS 0x000000074dd00000, 0x000000074dd00000| Complete 
| 222|0x000000074de00000, 0x000000074df00000, 0x000000074df00000|100%| E|CS|TAMS 0x000000074de00000, 0x000000074de00000| Complete 
| 223|0x000000074df00000, 0x000000074e000000, 0x000000074e000000|100%| E|CS|TAMS 0x000000074df00000, 0x000000074df00000| Complete 
| 224|0x000000074e000000, 0x000000074e100000, 0x000000074e100000|100%| E|CS|TAMS 0x000000074e000000, 0x000000074e000000| Complete 
| 225|0x000000074e100000, 0x000000074e200000, 0x000000074e200000|100%| E|CS|TAMS 0x000000074e100000, 0x000000074e100000| Complete 
| 226|0x000000074e200000, 0x000000074e300000, 0x000000074e300000|100%| E|CS|TAMS 0x000000074e200000, 0x000000074e200000| Complete 
| 227|0x000000074e300000, 0x000000074e400000, 0x000000074e400000|100%| E|CS|TAMS 0x000000074e300000, 0x000000074e300000| Complete 
| 228|0x000000074e400000, 0x000000074e500000, 0x000000074e500000|100%| E|CS|TAMS 0x000000074e400000, 0x000000074e400000| Complete 
| 229|0x000000074e500000, 0x000000074e600000, 0x000000074e600000|100%| E|CS|TAMS 0x000000074e500000, 0x000000074e500000| Complete 

Card table byte_map: [0x00000279ed900000,0x00000279edf00000] _byte_map_base: 0x00000279e9f00000

Marking Bits (Prev, Next): (CMBitMap*) 0x00000279fa5bd838, (CMBitMap*) 0x00000279fa5bd870
 Prev Bits: [0x00000279fb0f0000, 0x00000279fe0f0000)
 Next Bits: [0x0000027980000000, 0x0000027983000000)

Polling page: 0x00000279cecd0000

Metaspace:

Usage:
  Non-class:     95.72 MB capacity,    94.82 MB (>99%) used,   699.32 KB ( <1%) free+waste,   229.06 KB ( <1%) overhead. 
      Class:     15.58 MB capacity,    14.98 MB ( 96%) used,   517.52 KB (  3%) free+waste,   102.63 KB ( <1%) overhead. 
       Both:    111.31 MB capacity,   109.79 MB ( 99%) used,     1.19 MB (  1%) free+waste,   331.69 KB ( <1%) overhead. 

Virtual space:
  Non-class space:      100.00 MB reserved,      99.08 MB (>99%) committed 
      Class space:        1.00 GB reserved,      17.25 MB (  2%) committed 
             Both:        1.10 GB reserved,     116.33 MB ( 10%) committed 

Chunk freelists:
   Non-Class:  405.50 KB
       Class:  213.25 KB
        Both:  618.75 KB

CodeHeap 'non-profiled nmethods': size=120000Kb used=26412Kb max_used=26412Kb free=93587Kb
 bounds [0x00000279e5bb0000, 0x00000279e7590000, 0x00000279ed0e0000]
CodeHeap 'profiled nmethods': size=120000Kb used=51034Kb max_used=51034Kb free=68965Kb
 bounds [0x00000279de680000, 0x00000279e18c0000, 0x00000279e5bb0000]
CodeHeap 'non-nmethods': size=5760Kb used=1923Kb max_used=1978Kb free=3836Kb
 bounds [0x00000279de0e0000, 0x00000279de350000, 0x00000279de680000]
 total_blobs=40963 nmethods=20655 adapters=1516
 compilation: enabled
              stopped_count=0, restarted_count=0
 full_count=0

Compilation events (10 events):
Event: 5051.547 Thread 0x00000279f99f3800 27781       3       java.lang.invoke.LambdaFormEditor::foldArgumentsForm (120 bytes)
Event: 5051.548 Thread 0x00000279ef8bb000 nmethod 27780 0x00000279e6c6ae90 code [0x00000279e6c6b020, 0x00000279e6c6b088]
Event: 5051.548 Thread 0x00000279f99f3800 nmethod 27781 0x00000279e182a610 code [0x00000279e182a840, 0x00000279e182aef0]
Event: 5051.819 Thread 0x00000279f99f3800 27782       3       de.javasoft.plaf.synthetica.painter.ButtonPainter::paintFocus (181 bytes)
Event: 5051.829 Thread 0x00000279f99f3800 nmethod 27782 0x00000279e18b6910 code [0x00000279e18b6ea0, 0x00000279e18b9de0]
Event: 5052.672 Thread 0x00000279f99f3800 27783       3       java.awt.Toolkit$ToolkitEventMulticaster::add (22 bytes)
Event: 5052.672 Thread 0x00000279f99f3800 nmethod 27783 0x00000279e1829f10 code [0x00000279e182a0e0, 0x00000279e182a4f8]
Event: 5052.672 Thread 0x00000279f99f3800 27784       3       java.awt.Toolkit$ToolkitEventMulticaster::<init> (7 bytes)
Event: 5052.672 Thread 0x00000279f99f3800 nmethod 27784 0x00000279e17b6e90 code [0x00000279e17b7060, 0x00000279e17b7338]
Event: 5054.204 Thread 0x00000279ef8bb000 27785       4       java.util.jar.JarFile::getManifestFromReference (117 bytes)

GC Heap History (10 events):
Event: 5029.942 GC heap before
{Heap before GC invocations=403 (full 9):
 garbage-first heap   total 235520K, used 190097K [0x0000000740000000, 0x0000000800000000)
  region size 1024K, 60 young (61440K), 4 survivors (4096K)
 Metaspace       used 112311K, capacity 113850K, committed 118864K, reserved 1150976K
  class space    used 15328K, capacity 15958K, committed 17664K, reserved 1048576K
}
Event: 5029.946 GC heap after
{Heap after GC invocations=404 (full 9):
 garbage-first heap   total 235520K, used 133252K [0x0000000740000000, 0x0000000800000000)
  region size 1024K, 4 young (4096K), 4 survivors (4096K)
 Metaspace       used 112311K, capacity 113850K, committed 118864K, reserved 1150976K
  class space    used 15328K, capacity 15958K, committed 17664K, reserved 1048576K
}
Event: 5031.387 GC heap before
{Heap before GC invocations=404 (full 9):
 garbage-first heap   total 235520K, used 189572K [0x0000000740000000, 0x0000000800000000)
  region size 1024K, 60 young (61440K), 4 survivors (4096K)
 Metaspace       used 112322K, capacity 113850K, committed 118864K, reserved 1150976K
  class space    used 15328K, capacity 15958K, committed 17664K, reserved 1048576K
}
Event: 5031.390 GC heap after
{Heap after GC invocations=405 (full 9):
 garbage-first heap   total 235520K, used 132198K [0x0000000740000000, 0x0000000800000000)
  region size 1024K, 3 young (3072K), 3 survivors (3072K)
 Metaspace       used 112322K, capacity 113850K, committed 118864K, reserved 1150976K
  class space    used 15328K, capacity 15958K, committed 17664K, reserved 1048576K
}
Event: 5031.864 GC heap before
{Heap before GC invocations=405 (full 9):
 garbage-first heap   total 235520K, used 190566K [0x0000000740000000, 0x0000000800000000)
  region size 1024K, 60 young (61440K), 3 survivors (3072K)
 Metaspace       used 112357K, capacity 113914K, committed 118864K, reserved 1150976K
  class space    used 15328K, capacity 15958K, committed 17664K, reserved 1048576K
}
Event: 5031.867 GC heap after
{Heap after GC invocations=406 (full 9):
 garbage-first heap   total 235520K, used 132828K [0x0000000740000000, 0x0000000800000000)
  region size 1024K, 4 young (4096K), 4 survivors (4096K)
 Metaspace       used 112357K, capacity 113914K, committed 118864K, reserved 1150976K
  class space    used 15328K, capacity 15958K, committed 17664K, reserved 1048576K
}
Event: 5049.924 GC heap before
{Heap before GC invocations=406 (full 9):
 garbage-first heap   total 235520K, used 190172K [0x0000000740000000, 0x0000000800000000)
  region size 1024K, 60 young (61440K), 4 survivors (4096K)
 Metaspace       used 112375K, capacity 113914K, committed 118864K, reserved 1150976K
  class space    used 15328K, capacity 15958K, committed 17664K, reserved 1048576K
}
Event: 5049.928 GC heap after
{Heap after GC invocations=407 (full 9):
 garbage-first heap   total 235520K, used 132915K [0x0000000740000000, 0x0000000800000000)
  region size 1024K, 4 young (4096K), 4 survivors (4096K)
 Metaspace       used 112375K, capacity 113914K, committed 118864K, reserved 1150976K
  class space    used 15328K, capacity 15958K, committed 17664K, reserved 1048576K
}
Event: 5050.576 GC heap before
{Heap before GC invocations=407 (full 9):
 garbage-first heap   total 235520K, used 190259K [0x0000000740000000, 0x0000000800000000)
  region size 1024K, 60 young (61440K), 4 survivors (4096K)
 Metaspace       used 112375K, capacity 113914K, committed 118864K, reserved 1150976K
  class space    used 15328K, capacity 15958K, committed 17664K, reserved 1048576K
}
Event: 5050.579 GC heap after
{Heap after GC invocations=408 (full 9):
 garbage-first heap   total 235520K, used 132840K [0x0000000740000000, 0x0000000800000000)
  region size 1024K, 3 young (3072K), 3 survivors (3072K)
 Metaspace       used 112375K, capacity 113914K, committed 118864K, reserved 1150976K
  class space    used 15328K, capacity 15958K, committed 17664K, reserved 1048576K
}

Deoptimization events (10 events):
Event: 4948.007 Thread 0x00000279ff46d800 Uncommon trap: reason=array_check action=maybe_recompile pc=0x00000279e748ac78 method=javax.swing.SortingFocusTraversalPolicy.mergeSort([Ljava/lang/Object;[Ljava/lang/Object;IIILjava/util/Comparator;)V @ 76 c2
Event: 4949.851 Thread 0x00000279ff46d800 Uncommon trap: reason=class_check action=maybe_recompile pc=0x00000279e68dc5c0 method=com.jidesoft.docking.DefaultDockingManager.handleEvent(Ljava/awt/AWTEvent;)Z @ 2252 c2
Event: 4949.853 Thread 0x00000279ff46d800 Uncommon trap: reason=unstable_if action=reinterpret pc=0x00000279e62503a0 method=ui.data.design.p.bWn()Ljava/util/HashSet; @ 4 c2
Event: 4949.861 Thread 0x00000279ff46d800 Uncommon trap: reason=class_check action=maybe_recompile pc=0x00000279e73e9ae0 method=javax.swing.JTree.fireTreeWillExpand(Ljavax/swing/tree/TreePath;)V @ 51 c2
Event: 4953.212 Thread 0x00000279ff46d800 Uncommon trap: reason=unstable_if action=reinterpret pc=0x00000279e746f844 method=ui.data.design.h.kD(Z)Ljava/lang/String; @ 137 c2
Event: 4953.408 Thread 0x00000279ff46d800 Uncommon trap: reason=unstable_if action=reinterpret pc=0x00000279e7162248 method=java.awt.Container.clearMostRecentFocusOwnerOnHide()V @ 66 c2
Event: 4993.407 Thread 0x00000279ff46d800 Uncommon trap: reason=unstable_if action=reinterpret pc=0x00000279e6318c44 method=javax.swing.text.GapContent.shiftGap(I)V @ 33 c2
Event: 5012.915 Thread 0x00000279ff46d800 Uncommon trap: reason=unstable_if action=reinterpret pc=0x00000279e643ee20 method=java.awt.Component.hide()V @ 134 c2
Event: 5022.278 Thread 0x00000279ff46d800 Uncommon trap: reason=unstable_if action=reinterpret pc=0x00000279e752b64c method=ui.views.U.a.U.a(Ljava/awt/Graphics;II)V @ 219 c2
Event: 5030.119 Thread 0x00000279c0d3c800 Uncommon trap: reason=unstable_if action=reinterpret pc=0x00000279e69a6c68 method=java.io.BufferedInputStream.getBufIfOpen()[B @ 6 c2

Classes redefined (0 events):
No events

Internal exceptions (10 events):
Event: 5032.490 Thread 0x00000279ff46d800 Exception <a 'java/io/FileNotFoundException'{0x000000074df72a78}> (0x000000074df72a78) thrown at [t:/workspace/open/src/hotspot/share/prims/jni.cpp, line 615]
Event: 5032.555 Thread 0x00000279ff46d800 Exception <a 'java/io/FileNotFoundException'{0x000000074df73e08}> (0x000000074df73e08) thrown at [t:/workspace/open/src/hotspot/share/prims/jni.cpp, line 615]
Event: 5037.490 Thread 0x00000279ff46d800 Exception <a 'java/io/FileNotFoundException'{0x000000074d4f69b8}> (0x000000074d4f69b8) thrown at [t:/workspace/open/src/hotspot/share/prims/jni.cpp, line 615]
Event: 5037.556 Thread 0x00000279ff46d800 Exception <a 'java/io/FileNotFoundException'{0x000000074d4f7158}> (0x000000074d4f7158) thrown at [t:/workspace/open/src/hotspot/share/prims/jni.cpp, line 615]
Event: 5042.490 Thread 0x00000279ff46d800 Exception <a 'java/io/FileNotFoundException'{0x000000074cb5cfa0}> (0x000000074cb5cfa0) thrown at [t:/workspace/open/src/hotspot/share/prims/jni.cpp, line 615]
Event: 5042.557 Thread 0x00000279ff46d800 Exception <a 'java/io/FileNotFoundException'{0x000000074cb5d740}> (0x000000074cb5d740) thrown at [t:/workspace/open/src/hotspot/share/prims/jni.cpp, line 615]
Event: 5047.492 Thread 0x00000279ff46d800 Exception <a 'java/io/FileNotFoundException'{0x000000074c6c60a8}> (0x000000074c6c60a8) thrown at [t:/workspace/open/src/hotspot/share/prims/jni.cpp, line 615]
Event: 5047.558 Thread 0x00000279ff46d800 Exception <a 'java/io/FileNotFoundException'{0x000000074c6c6848}> (0x000000074c6c6848) thrown at [t:/workspace/open/src/hotspot/share/prims/jni.cpp, line 615]
Event: 5052.493 Thread 0x00000279ff46d800 Exception <a 'java/io/FileNotFoundException'{0x000000074cde30b8}> (0x000000074cde30b8) thrown at [t:/workspace/open/src/hotspot/share/prims/jni.cpp, line 615]
Event: 5052.558 Thread 0x00000279ff46d800 Exception <a 'java/io/FileNotFoundException'{0x000000074cde3ee8}> (0x000000074cde3ee8) thrown at [t:/workspace/open/src/hotspot/share/prims/jni.cpp, line 615]

Events (10 events):
Event: 5052.939 Thread 0x00000279c0d3c800 Thread added: 0x00000279c0d3c800
Event: 5052.943 Thread 0x00000279c0d3c800 Thread exited: 0x00000279c0d3c800
Event: 5053.940 Thread 0x00000279c0d3c800 Thread added: 0x00000279c0d3c800
Event: 5053.943 Thread 0x00000279c0d3c800 Thread exited: 0x00000279c0d3c800
Event: 5054.203 loading class ui/data/design/l
Event: 5054.203 loading class ui/data/design/l done
Event: 5054.203 loading class ui/data/design/m
Event: 5054.203 loading class ui/data/design/m done
Event: 5054.203 loading class ui/dlg/i/a/f
Event: 5054.203 loading class ui/dlg/i/a/f done


Dynamic libraries:
0x00007ff7d5fa0000 - 0x00007ff7d5fcf000 	D:\xilinx\Vivado\2020.2\bin\unwrapped\win64.o\vivado.exe
0x00007ff835160000 - 0x00007ff835350000 	C:\WINDOWS\SYSTEM32\ntdll.dll
0x00007ff833cf0000 - 0x00007ff833da2000 	C:\WINDOWS\System32\KERNEL32.DLL
0x00007ff832cf0000 - 0x00007ff832f95000 	C:\WINDOWS\System32\KERNELBASE.dll
0x00007ff8329b0000 - 0x00007ff832aaa000 	C:\WINDOWS\System32\ucrtbase.dll
0x00007ff8111e0000 - 0x00007ff811271000 	C:\WINDOWS\SYSTEM32\MSVCP140.dll
0x00007ff821180000 - 0x00007ff821199000 	C:\WINDOWS\SYSTEM32\VCRUNTIME140.dll
0x00007fffe70e0000 - 0x00007fffe8257000 	D:\xilinx\Vivado\2020.2\lib\win64.o\librdi_common.dll
0x00007ff830170000 - 0x00007ff830183000 	D:\xilinx\Vivado\2020.2\lib\win64.o\libboost_signals.dll
0x00007ff82cc40000 - 0x00007ff82cc58000 	D:\xilinx\Vivado\2020.2\lib\win64.o\librdi_commonmain.dll
0x00007ff833240000 - 0x00007ff8333d4000 	C:\WINDOWS\System32\USER32.dll
0x00007ff830190000 - 0x00007ff83019c000 	C:\WINDOWS\SYSTEM32\VCRUNTIME140_1.dll
0x00007ff832130000 - 0x00007ff832151000 	C:\WINDOWS\System32\win32u.dll
0x00007ff8350f0000 - 0x00007ff835116000 	C:\WINDOWS\System32\GDI32.dll
0x00007ff833070000 - 0x00007ff833208000 	C:\WINDOWS\System32\gdi32full.dll
0x00007ff832fd0000 - 0x00007ff83306e000 	C:\WINDOWS\System32\msvcp_win.dll
0x00007fffe6d70000 - 0x00007fffe70de000 	D:\xilinx\Vivado\2020.2\lib\win64.o\libCOIN-all.dll
0x00007ff829b60000 - 0x00007ff829b70000 	D:\xilinx\Vivado\2020.2\lib\win64.o\libboost_date_time.dll
0x00007ff834330000 - 0x00007ff8343d3000 	C:\WINDOWS\System32\ADVAPI32.dll
0x00007ff833b80000 - 0x00007ff833c1e000 	C:\WINDOWS\System32\msvcrt.dll
0x00007ff8111b0000 - 0x00007ff8111d2000 	D:\xilinx\Vivado\2020.2\lib\win64.o\libboost_filesystem.dll
0x00007ff834850000 - 0x00007ff8348e7000 	C:\WINDOWS\System32\sechost.dll
0x00007ff834ce0000 - 0x00007ff834dff000 	C:\WINDOWS\System32\RPCRT4.dll
0x00007ff805950000 - 0x00007ff8059c3000 	D:\xilinx\Vivado\2020.2\lib\win64.o\libboost_program_options.dll
0x00007ff8333e0000 - 0x00007ff833ac8000 	C:\WINDOWS\System32\SHELL32.dll
0x00007fffe8520000 - 0x00007fffe8631000 	D:\xilinx\Vivado\2020.2\lib\win64.o\libboost_regex.dll
0x00007ff832ca0000 - 0x00007ff832cea000 	C:\WINDOWS\System32\cfgmgr32.dll
0x00007ff8343e0000 - 0x00007ff834487000 	C:\WINDOWS\System32\shcore.dll
0x00007ff82cb00000 - 0x00007ff82cb09000 	D:\xilinx\Vivado\2020.2\lib\win64.o\libboost_system.dll
0x00007ff8344a0000 - 0x00007ff8347d6000 	C:\WINDOWS\System32\combase.dll
0x00007ff811190000 - 0x00007ff8111ae000 	D:\xilinx\Vivado\2020.2\lib\win64.o\libboost_thread.dll
0x00007ff832c10000 - 0x00007ff832c91000 	C:\WINDOWS\System32\bcryptPrimitives.dll
0x00007ff832180000 - 0x00007ff8328fb000 	C:\WINDOWS\System32\windows.storage.dll
0x00007ff829b50000 - 0x00007ff829b5c000 	D:\xilinx\Vivado\2020.2\lib\win64.o\libboost_xilinx.dll
0x00007ff8320b0000 - 0x00007ff8320ce000 	C:\WINDOWS\System32\profapi.dll
0x00007ffff3ec0000 - 0x00007ffff3f42000 	D:\xilinx\Vivado\2020.2\lib\win64.o\libhdlpsolve.dll
0x00007fffe8470000 - 0x00007fffe8515000 	D:\xilinx\Vivado\2020.2\lib\win64.o\libhdxml.dll
0x00007ff832020000 - 0x00007ff83206a000 	C:\WINDOWS\System32\powrprof.dll
0x00007ff832010000 - 0x00007ff832020000 	C:\WINDOWS\System32\UMPDC.dll
0x00007ff834ed0000 - 0x00007ff834f22000 	C:\WINDOWS\System32\shlwapi.dll
0x00007ff832070000 - 0x00007ff832081000 	C:\WINDOWS\System32\kernel.appcore.dll
0x00007fffe3d00000 - 0x00007fffe4af2600 	D:\xilinx\Vivado\2020.2\lib\win64.o\libisl_iostreams.dll
0x00007ff832160000 - 0x00007ff832177000 	C:\WINDOWS\System32\cryptsp.dll
0x00007ff80f8b0000 - 0x00007ff80f8d8000 	D:\xilinx\Vivado\2020.2\lib\win64.o\libisl_sysinfo.dll
0x00007ff832fa0000 - 0x00007ff832fc6000 	C:\WINDOWS\System32\bcrypt.dll
0x00007fffe6d00000 - 0x00007fffe6d65000 	D:\xilinx\Vivado\2020.2\lib\win64.o\liblmx6.0.dll
0x00007ff8348f0000 - 0x00007ff83495f000 	C:\WINDOWS\System32\WS2_32.dll
0x00007ff80c180000 - 0x00007ff80c19a000 	D:\xilinx\Vivado\2020.2\lib\win64.o\pthreadVC2.dll
0x00007ff830160000 - 0x00007ff830169000 	D:\xilinx\Vivado\2020.2\lib\win64.o\librdi_commonversion.dll
0x00007fffe8640000 - 0x00007fffe87d9000 	D:\xilinx\Vivado\2020.2\lib\win64.o\librdi_commonxillic.dll
0x00007ff80f890000 - 0x00007ff80f8ac000 	D:\xilinx\Vivado\2020.2\lib\win64.o\librdiconfig.dll
0x00007ff805630000 - 0x00007ff805651000 	D:\xilinx\Vivado\2020.2\lib\win64.o\librdizlib.dll
0x000000006d850000 - 0x000000006d97b000 	D:\xilinx\Vivado\2020.2\lib\win64.o\tcl85t.dll
0x0000000012000000 - 0x0000000012270000 	D:\xilinx\Vivado\2020.2\lib\win64.o\xerces-c_3_1.dll
0x00007ff824900000 - 0x00007ff824917000 	C:\WINDOWS\SYSTEM32\NETAPI32.dll
0x00007ff8196a0000 - 0x00007ff819b77000 	C:\WINDOWS\SYSTEM32\WININET.dll
0x00007ff828bb0000 - 0x00007ff828caa000 	C:\WINDOWS\SYSTEM32\WINHTTP.dll
0x00007ff817ed0000 - 0x00007ff8180a7000 	C:\WINDOWS\SYSTEM32\urlmon.dll
0x00007ff811180000 - 0x00007ff81118c000 	D:\xilinx\Vivado\2020.2\lib\win64.o\libboost_chrono.dll
0x00007ffff7980000 - 0x00007ffff7996000 	D:\xilinx\Vivado\2020.2\lib\win64.o\libboost_iostreams.dll
0x00007ff816820000 - 0x00007ff816829000 	C:\WINDOWS\SYSTEM32\WSOCK32.dll
0x00007ffff64d0000 - 0x00007ffff64f3000 	D:\xilinx\Vivado\2020.2\lib\win64.o\libisl_iosutils.dll
0x00007ffffdf20000 - 0x00007ffffdf48000 	C:\WINDOWS\SYSTEM32\VCOMP140.DLL
0x00007fffe4b00000 - 0x00007fffe6a17000 	D:\xilinx\Vivado\2020.2\lib\win64.o\gurobi90.dll
0x00007ff8169b0000 - 0x00007ff816c57000 	C:\WINDOWS\SYSTEM32\iertutil.dll
0x00007ff832ab0000 - 0x00007ff832c01000 	C:\WINDOWS\System32\CRYPT32.dll
0x00007fffe6a20000 - 0x00007fffe6cfb000 	D:\xilinx\Vivado\2020.2\lib\win64.o\libXil_lmgr11.dll
0x00007ff832090000 - 0x00007ff8320a2000 	C:\WINDOWS\System32\MSASN1.dll
0x00007ff834e00000 - 0x00007ff834ed0000 	C:\WINDOWS\System32\COMDLG32.dll
0x00007ff8347e0000 - 0x00007ff834848000 	C:\WINDOWS\System32\WLDAP32.dll
0x00007ff834490000 - 0x00007ff834498000 	C:\WINDOWS\System32\Normaliz.dll
0x00007ff833c20000 - 0x00007ff833ce5000 	C:\WINDOWS\System32\OLEAUT32.dll
0x00007ff834960000 - 0x00007ff834ab7000 	C:\WINDOWS\System32\ole32.dll
0x00007ff831980000 - 0x00007ff83198c000 	C:\WINDOWS\SYSTEM32\CRYPTBASE.DLL
0x00007ff823ec0000 - 0x00007ff823f69000 	C:\WINDOWS\WinSxS\amd64_microsoft.windows.common-controls_6595b64144ccf1df_5.82.18362.1500_none_73b83420d8116b99\COMCTL32.dll
0x00007ff8320d0000 - 0x00007ff83212c000 	C:\WINDOWS\System32\WINTRUST.dll
0x00007ff8315d0000 - 0x00007ff8315dc000 	C:\WINDOWS\SYSTEM32\NETUTILS.DLL
0x00007ff82aae0000 - 0x00007ff82aafc000 	C:\WINDOWS\SYSTEM32\dhcpcsvc.DLL
0x00007ff834f30000 - 0x00007ff834f38000 	C:\WINDOWS\System32\NSI.dll
0x00007ff831800000 - 0x00007ff831867000 	C:\WINDOWS\SYSTEM32\MSWSOCK.DLL
0x00007ff834300000 - 0x00007ff83432e000 	C:\WINDOWS\System32\IMM32.DLL
0x00007fffe37d0000 - 0x00007fffe3cf2000 	D:\xilinx\Vivado\2020.2\lib\win64.o\librdi_commontasks.dll
0x00007ff824120000 - 0x00007ff82412a000 	C:\WINDOWS\SYSTEM32\VERSION.dll
0x00007fffe29c0000 - 0x00007fffe34e3000 	D:\xilinx\Vivado\2020.2\tps\win64\jre11.0.2\bin\server\jvm.dll
0x00007fffe34f0000 - 0x00007fffe37c5000 	D:\xilinx\Vivado\2020.2\lib\win64.o\librdi_sio.dll
0x00007ff8314c0000 - 0x00007ff8314fa000 	C:\WINDOWS\SYSTEM32\IPHLPAPI.DLL
0x00007ff833230000 - 0x00007ff833238000 	C:\WINDOWS\System32\PSAPI.DLL
0x00007ff830110000 - 0x00007ff830134000 	C:\WINDOWS\SYSTEM32\WINMM.dll
0x00007ff830090000 - 0x00007ff8300bd000 	C:\WINDOWS\SYSTEM32\winmmbase.dll
0x00007fffdff00000 - 0x00007fffe29be000 	D:\xilinx\Vivado\2020.2\lib\win64.o\librdi_tcltasks.dll
0x00007fffdf710000 - 0x00007fffdf8c3000 	D:\xilinx\Vivado\2020.2\lib\win64.o\librdi_board.dll
0x00007ff80e2b0000 - 0x00007ff80e32e000 	D:\xilinx\Vivado\2020.2\lib\win64.o\librdi_boarddep.dll
0x00007ffff7030000 - 0x00007ffff7126000 	D:\xilinx\Vivado\2020.2\lib\win64.o\librdi_chipscope.dll
0x00007ffff09f0000 - 0x00007ffff0e96000 	D:\xilinx\Vivado\2020.2\lib\win64.o\librdi_bitstream.dll
0x00007ffff0310000 - 0x00007ffff04fa000 	D:\xilinx\Vivado\2020.2\lib\win64.o\librdi_chipscopeimpl.dll
0x00007ffff01a0000 - 0x00007ffff0301000 	D:\xilinx\Vivado\2020.2\lib\win64.o\librdi_containers.dll
0x00007fffdd8e0000 - 0x00007fffdf70c000 	D:\xilinx\Vivado\2020.2\lib\win64.o\librdi_constraints.dll
0x00007fffdb520000 - 0x00007fffdd8dd000 	D:\xilinx\Vivado\2020.2\lib\win64.o\librdi_coregen.dll
0x00007fffdae00000 - 0x00007fffdb518000 	D:\xilinx\Vivado\2020.2\lib\win64.o\librdi_coregenipxact.dll
0x00007fffc0750000 - 0x00007fffd8d2f000 	D:\xilinx\Vivado\2020.2\lib\win64.o\librdi_device.dll
0x00007fffd9090000 - 0x00007fffdadf1000 	D:\xilinx\Vivado\2020.2\lib\win64.o\librdi_designutils.dll
0x00007fffefe30000 - 0x00007ffff0198000 	D:\xilinx\Vivado\2020.2\lib\win64.o\librdi_dlyest.dll
0x00007ffff0930000 - 0x00007ffff09e3000 	D:\xilinx\Vivado\2020.2\lib\win64.o\librdi_dsp.dll
0x00007fffbf930000 - 0x00007fffbf99b000 	D:\xilinx\Vivado\2020.2\lib\win64.o\librdi_hdf.dll
0x00007fffc00f0000 - 0x00007fffc074d000 	D:\xilinx\Vivado\2020.2\lib\win64.o\librdi_drc.dll
0x00007fffee5b0000 - 0x00007fffee8cd000 	D:\xilinx\Vivado\2020.2\lib\win64.o\librdi_guitools.dll
0x00007fffbfa20000 - 0x00007fffc00e2000 	D:\xilinx\Vivado\2020.2\lib\win64.o\librdi_filemgmt.dll
0x00007fffefce0000 - 0x00007fffefe27000 	D:\xilinx\Vivado\2020.2\lib\win64.o\librdi_hip_perf_analysis.dll
0x00007fffbf2e0000 - 0x00007fffbf92c000 	D:\xilinx\Vivado\2020.2\lib\win64.o\librdi_memdata.dll
0x00007ffff7850000 - 0x00007ffff78c2000 	D:\xilinx\Vivado\2020.2\lib\win64.o\librdi_memoryarray.dll
0x00007fffee330000 - 0x00007fffee5a7000 	D:\xilinx\Vivado\2020.2\lib\win64.o\librdi_hip_devdesign.dll
0x00007ff80eae0000 - 0x00007ff80eb34000 	D:\xilinx\Vivado\2020.2\lib\win64.o\librdi_pfi.dll
0x00007fffbab80000 - 0x00007fffbb2ac000 	D:\xilinx\Vivado\2020.2\lib\win64.o\librdi_netlist.dll
0x00007fffb9cc0000 - 0x00007fffba05e000 	D:\xilinx\Vivado\2020.2\lib\win64.o\librdi_platform.dll
0x00007fffbd700000 - 0x00007fffbf2d4000 	D:\xilinx\Vivado\2020.2\lib\win64.o\librdi_implflow.dll
0x00007fffbb2b0000 - 0x00007fffbd6f4000 	D:\xilinx\Vivado\2020.2\lib\win64.o\librdi_mig.dll
0x00007fffb6430000 - 0x00007fffb6aa4000 	D:\xilinx\Vivado\2020.2\lib\win64.o\librdi_project.dll
0x00007fffb5d00000 - 0x00007fffb6422000 	D:\xilinx\Vivado\2020.2\lib\win64.o\librdi_psta.dll
0x00007fffb6ab0000 - 0x00007fffb9cb7000 	D:\xilinx\Vivado\2020.2\lib\win64.o\librdi_place.dll
0x00007fffba360000 - 0x00007fffbab77000 	D:\xilinx\Vivado\2020.2\lib\win64.o\librdi_power.dll
0x00007fffb54f0000 - 0x00007fffb5cfc000 	D:\xilinx\Vivado\2020.2\lib\win64.o\librdi_rsb.dll
0x00007fffd8f80000 - 0x00007fffd9089000 	D:\xilinx\Vivado\2020.2\lib\win64.o\librdi_runsbase.dll
0x00007fffba0e0000 - 0x00007fffba354000 	D:\xilinx\Vivado\2020.2\lib\win64.o\librdi_simdata.dll
0x00007fffdf9d0000 - 0x00007fffdfefb000 	D:\xilinx\Vivado\2020.2\lib\win64.o\librdi_runs.dll
0x00007fffd8e60000 - 0x00007fffd8f76000 	D:\xilinx\Vivado\2020.2\lib\win64.o\librdi_xhub.dll
0x00007ffff53e0000 - 0x00007ffff5487000 	D:\xilinx\Vivado\2020.2\lib\win64.o\librdi_xhubtasks.dll
0x00007fffb4370000 - 0x00007fffb455b000 	D:\xilinx\Vivado\2020.2\lib\win64.o\librdi_advchipscopeimpl.dll
0x00007fffb4560000 - 0x00007fffb54e1000 	D:\xilinx\Vivado\2020.2\lib\win64.o\librdi_timing.dll

dbghelp: loaded successfully - version: 4.0.5 - missing functions: none
symbol engine: initialized successfully - sym options: 0x614 - pdb path: .;D:\xilinx\Vivado\2020.2\bin\unwrapped\win64.o;C:\WINDOWS\SYSTEM32;D:\xilinx\Vivado\2020.2\lib\win64.o;C:\WINDOWS\WinSxS\amd64_microsoft.windows.common-controls_6595b64144ccf1df_5.82.18362.1500_none_73b83420d8116b99;D:\xilinx\Vivado\2020.2\tps\win64\jre11.0.2\bin\server;D:\xilinx\Vivado\2020.2\tps\win64\python-3.8.3;D:\xilinx\Vivado\2020.2\tps\win64\jre11.0.2\bin;C:\WINDOWS\WinSxS\amd64_microsoft.windows.common-controls_6595b64144ccf1df_6.0.18362.1500_none_9e79be6de462295c;D:\xilinx\Vivado\2020.2\tps\win64\javafx-sdk-11.0.2\bin;C:\WINDOWS\System32\DriverStore\FileRepository\igdlh64.inf_amd64_ab736fe7f232ee1e;C:\WINDOWS\System32\DriverStore\FileRepository\nvac.inf_amd64_d424a07e89ab274a;C:\WINDOWS\WinSxS\amd64_microsoft.windows.gdiplus_6595b64144ccf1df_1.1.18362.1500_none_cf64b1533ef4a32a

VM Arguments:
jvm_args: -Dsun.java2d.pmoffscreen=false -Dhttps.protocols=TLSv1,TLSv1.1,TLSv1.2 -Dsun.java2d.xrender=false -Dsun.java2d.d3d=false -Dsun.awt.nopixfmt=true -Dsun.java2d.dpiaware=true -Dsun.java2d.uiScale.enabled=false -Xverify:none -Dswing.aatext=true -XX:-UsePerfData -Djdk.map.althashing.threshold=512 -XX:StringTableSize=4072 --add-opens=java.base/java.nio=ALL-UNNAMED --add-opens=java.desktop/sun.swing=ALL-UNNAMED --add-opens=java.desktop/javax.swing=ALL-UNNAMED --add-opens=java.desktop/javax.swing.tree=ALL-UNNAMED --add-opens=java.desktop/javax.swing.plaf.basic=ALL-UNNAMED --add-opens=java.desktop/javax.swing.plaf.synth=ALL-UNNAMED --add-opens=java.desktop/com.sun.awt=ALL-UNNAMED -XX:NewSize=60m -XX:MaxNewSize=60m -Xms128m -Xmx3072m -Xss5m 
java_command: <unknown>
java_class_path (initial): D:/xilinx/Vivado/2020.2\lib\classes\alloy.jar;D:/xilinx/Vivado/2020.2\lib\classes\ArchiveSummary.jar;D:/xilinx/Vivado/2020.2\lib\classes\autoesl-models.jar;D:/xilinx/Vivado/2020.2\lib\classes\autopilot.scelaborator.jar;D:/xilinx/Vivado/2020.2\lib\classes\autopilot.sourceprocessor.jar;D:/xilinx/Vivado/2020.2\lib\classes\autopilot.tbprocessor.jar;D:/xilinx/Vivado/2020.2\lib\classes\batik-anim.jar;D:/xilinx/Vivado/2020.2\lib\classes\batik-awt-util.jar;D:/xilinx/Vivado/2020.2\lib\classes\batik-bridge.jar;D:/xilinx/Vivado/2020.2\lib\classes\batik-codec.jar;D:/xilinx/Vivado/2020.2\lib\classes\batik-css.jar;D:/xilinx/Vivado/2020.2\lib\classes\batik-dom.jar;D:/xilinx/Vivado/2020.2\lib\classes\batik-ext.jar;D:/xilinx/Vivado/2020.2\lib\classes\batik-gui-util.jar;D:/xilinx/Vivado/2020.2\lib\classes\batik-gvt.jar;D:/xilinx/Vivado/2020.2\lib\classes\batik-parser.jar;D:/xilinx/Vivado/2020.2\lib\classes\batik-script.jar;D:/xilinx/Vivado/2020.2\lib\classes\batik-svg-dom.jar;D:/xilinx/Vivado/2020.2\lib\classes\batik-swing.jar;D:/xilinx/Vivado/2020.2\lib\classes\batik-transcoder.jar;D:/xilinx/Vivado/2020.2\lib\classes\batik-util.jar;D:/xilinx/Vivado/2020.2\lib\classes\batik-xml.jar;D:/xilinx/Vivado/2020.2\lib\classes\com.google.gson_2.8.2.v20180104-1110.jar;D:/xilinx/Vivado/2020.2\lib\classes\com.google.guava_27.1.0.v20190517-1946.jar;D:/xilinx/Vivado/2020.2\lib\classes\com.ibm.icu_4.4.2.v20110208.jar;D:/xilinx/Vivado/2020.2\lib\classes\com.sigasi.hdt.connection_4.9.0.202009050929.jar;D:/xilinx/Vivado/2020.2\lib\classes\com.sigasi.hdt.epl_4.9.0.202009050929.jar;D:/xilinx/Vivado/2020.2\lib\classes\com.sigasi.hdt.project_4.9.0.202009050929.jar;D:/xilinx/Vivado/2020.2\lib\classes\com.sigasi.hdt.readonlyfilesystem_4.9.0.202009050929.jar;D:/xilinx/Vivado/2020.2\lib\classes\com.sigasi.lcm_4.9.0.202009050929.jar;D:/xilinx/Vivado/2020.2\lib\classes\com.sigasi.sdk.client_4.9.0.202009050929.jar;D:/xilinx/Vivado/2020.2\lib\classes\com.xilinx.hls.services.jar;D:/xili
Launcher Type: generic

[Global flags]
     bool BytecodeVerificationLocal                = false                                     {product} {command line}
     bool BytecodeVerificationRemote               = false                                     {product} {command line}
     intx CICompilerCount                          = 4                                         {product} {ergonomic}
     uint ConcGCThreads                            = 2                                         {product} {ergonomic}
     uint G1ConcRefinementThreads                  = 8                                         {product} {ergonomic}
   size_t G1HeapRegionSize                         = 1048576                                   {product} {ergonomic}
    uintx GCDrainStackTargetSize                   = 64                                        {product} {ergonomic}
   size_t InitialHeapSize                          = 134217728                                 {product} {command line}
   size_t MarkStackSize                            = 4194304                                   {product} {ergonomic}
   size_t MaxHeapSize                              = 3221225472                                {product} {command line}
   size_t MaxNewSize                               = 62914560                                  {product} {command line}
   size_t MinHeapDeltaBytes                        = 1048576                                   {product} {ergonomic}
   size_t NewSize                                  = 62914560                                  {product} {command line}
    uintx NonNMethodCodeHeapSize                   = 5835340                                {pd product} {ergonomic}
    uintx NonProfiledCodeHeapSize                  = 122911450                              {pd product} {ergonomic}
    uintx ProfiledCodeHeapSize                     = 122911450                              {pd product} {ergonomic}
    uintx ReservedCodeCacheSize                    = 251658240                              {pd product} {ergonomic}
     bool SegmentedCodeCache                       = true                                      {product} {ergonomic}
    uintx StringTableSize                          = 4072                                      {product} {command line}
     intx ThreadStackSize                          = 5120                                   {pd product} {command line}
     bool UseCompressedClassPointers               = true                                 {lp64_product} {ergonomic}
     bool UseCompressedOops                        = true                                 {lp64_product} {ergonomic}
     bool UseG1GC                                  = true                                      {product} {ergonomic}
     bool UseLargePagesIndividualAllocation        = false                                  {pd product} {ergonomic}
     bool UsePerfData                              = false                                     {product} {command line}

Logging:
Log output configuration:
 #0: stdout all=warning uptime,level,tags
 #1: stderr all=off uptime,level,tags

Environment Variables:
PATH=D:/xilinx/Vivado/2020.2\gnuwin\bin;D:/xilinx/Vivado/2020.2\gnu\microblaze\nt\bin;D:/xilinx/Vivado/2020.2/bin;D:/xilinx/Vivado/2020.2/tps/win64/javafx-sdk-11.0.2/lib;D:/xilinx/Vivado/2020.2/tps/win64/javafx-sdk-11.0.2/bin;D:/xilinx/Vivado/2020.2/lib/win64.o;D:/xilinx/Vivado/2020.2/tps/win64/jre11.0.2/bin/server;D:/xilinx/Vivado/2020.2/tps/win64/jre11.0.2/bin;D:/xilinx/Vitis/2020.2/bin;D:/xilinx/Vivado/2020.2/ids_lite/ISE/bin/nt64;D:/xilinx/Vivado/2020.2/ids_lite/ISE/lib/nt64;D:/xilinx/Vitis_HLS/2020.2/bin;C:\Program Files (x86)\Common Files\Oracle\Java\javapath;C:\Program Files (x86)\Intel\iCLS Client\;C:\Program Files\Intel\iCLS Client\;C:\Windows\system32;C:\Windows;C:\Windows\System32\Wbem;C:\Windows\System32\WindowsPowerShell\v1.0\;C:\Program Files (x86)\Intel\Intel(R) Management Engine Components\DAL;C:\Program Files\Intel\Intel(R) Management Engine Components\DAL;C:\Program Files (x86)\Intel\Intel(R) Management Engine Components\IPT;C:\Program Files\Intel\Intel(R) Management Engine Components\IPT;C:\Program Files\Intel\WiFi\bin\;C:\Program Files\Common Files\Intel\WirelessCommon\;C:\WINDOWS\System32\OpenSSH\;C:\Program Files\Git\cmd;C:\Program Files\dotnet\;C:\Program Files\Microsoft SQL Server\Client SDK\ODBC\170\Tools\Binn\;C:\Program Files\Microsoft SQL Server\Client SDK\ODBC\110\Tools\Binn\;C:\Program Files (x86)\Microsoft SQL Server\120\Tools\Binn\;C:\Program Files\Microsoft SQL Server\120\Tools\Binn\;C:\Program Files\Microsoft SQL Server\120\DTS\Binn\;C:\Program Files (x86)\Windows Kits\8.1\Windows Performance Toolkit\;C:\Program Files (x86)\Druide\Antidote 9\Application\Bin64\;C:\Program Files (x86)\Druide\Antidote 9\Application\Bin32\;C:\Program Files\PuTTY\;C:\Program Files\nodejs\;C:\Program Files\Docker\Docker\resources\bin;C:\ProgramData\DockerDesktop\version-bin;C:\C:\Users\julie\AppData\Local\Programs\Python\Python38\;C:\Users\julie\AppData\Local\Programs\Microsoft VS Code\bin;C:\Program Files\JetBrains\WebStorm 2020.3.3\bin;;C:\Users\julie\AppD
USERNAME=Victor
OS=Windows_NT
PROCESSOR_IDENTIFIER=Intel64 Family 6 Model 142 Stepping 10, GenuineIntel



---------------  S Y S T E M  ---------------

OS: Windows 10 , 64 bit Build 18362 (10.0.18362.1500)

CPU:total 8 (initial active 8) (4 cores per cpu, 2 threads per core) family 6 model 142 stepping 10, cmov, cx8, fxsr, mmx, sse, sse2, sse3, ssse3, sse4.1, sse4.2, popcnt, avx, avx2, aes, clmul, erms, 3dnowpref, lzcnt, ht, tsc, tscinvbit, bmi1, bmi2, adx, fma

Memory: 4k page, system-wide physical 20355M (9937M free)
TotalPageFile size 32643M (AvailPageFile size 13694M)
current process WorkingSet (physical memory assigned to process): 1157M, peak: 1640M
current process commit charge ("private bytes"): 1722M, peak: 1797M

vm_info: OpenJDK 64-Bit Server VM (11.0.2+9) for windows-amd64 JRE (11.0.2+9), built on Jan 18 2019 05:23:22 by "mach5one" with MS VC++ 15.5 (VS2017)

END.
